2023/09/07 09:48:42 SUCCESS = URL : http://rumahsakit.ub.ac.id; status code : 200; wordpress : true
2023/09/07 09:48:45 ERROR = Get "http://siakad-db.ub.ac.id": context deadline exceeded
2023/09/07 09:48:45 ERROR = Get "https://mgm.filkom.ub.ac.id/": tls: failed to verify certificate: x509: certificate has expired or is not yet valid: 
2023/09/07 09:48:46 SUCCESS = URL : http://smtom.lecture.ub.ac.id; status code : 200; wordpress : true
2023/09/07 09:48:49 ERROR = Get "http://c3560pertanian.ub.ac.id": context deadline exceeded
2023/09/07 09:48:52 SUCCESS = URL : http://pidk.ub.ac.id; status code : 200; wordpress : true
2023/09/07 09:48:55 SUCCESS = URL : http://jtrolis.ub.ac.id; status code : 200; wordpress : false
2023/09/07 09:48:56 SUCCESS = URL : http://jsds.ub.ac.id; status code : 200; wordpress : false
2023/09/07 09:48:57 SUCCESS = URL : http://www.wignyanto.lecture.ub.ac.id; status code : 200; wordpress : true
2023/09/07 09:48:59 SUCCESS = URL : http://www.nila.lecture.ub.ac.id; status code : 200; wordpress : true
2023/09/07 09:49:02 ERROR = Get "http://mta2.cloud.ub.ac.id": context deadline exceeded
2023/09/07 09:49:04 SUCCESS = URL : http://lih.fib.ub.ac.id; status code : 200; wordpress : true
2023/09/07 09:49:06 SUCCESS = URL : http://habitat.ub.ac.id; status code : 200; wordpress : false
2023/09/07 09:49:07 SUCCESS = URL : http://jpal.ub.ac.id; status code : 200; wordpress : false
2023/09/07 09:49:08 SUCCESS = URL : http://jtp.ub.ac.id; status code : 200; wordpress : false
2023/09/07 09:49:09 SUCCESS = URL : http://www.devinta.lecture.ub.ac.id; status code : 410; wordpress : false
2023/09/07 09:49:10 SUCCESS = URL : http://eling.ub.ac.id; status code : 200; wordpress : false
2023/09/07 09:49:11 SUCCESS = URL : http://task.bidan.fk.ub.ac.id; status code : 200; wordpress : false
2023/09/07 09:49:12 SUCCESS = URL : http://pspk.studentjournal.ub.ac.id; status code : 200; wordpress : false
2023/09/07 09:49:17 SUCCESS = URL : http://iup.feb.ub.ac.id; status code : 200; wordpress : true
2023/09/07 09:49:17 ERROR = Get "http://mktrumpin.ub.ac.id": dial tcp: lookup mktrumpin.ub.ac.id: no such host
2023/09/07 09:49:19 SUCCESS = URL : http://uptairpayau.fpik.ub.ac.id; status code : 200; wordpress : true
2023/09/07 09:49:20 SUCCESS = URL : http://jiae.ub.ac.id; status code : 200; wordpress : false
2023/09/07 09:49:22 SUCCESS = URL : http://sipil.ub.ac.id; status code : 200; wordpress : true
2023/09/07 09:49:22 SUCCESS = URL : http://skp-kk.ub.ac.id; status code : 200; wordpress : false
2023/09/07 09:49:22 SUCCESS = URL : http://file-filkom.ub.ac.id; status code : 403; wordpress : false
2023/09/07 09:49:22 ERROR = Get "https://jsi.filkom.ub.ac.id/": tls: failed to verify certificate: x509: certificate has expired or is not yet valid: 
2023/09/07 09:49:25 SUCCESS = URL : http://jik.ub.ac.id; status code : 200; wordpress : false
2023/09/07 09:49:25 SUCCESS = URL : http://unitarsip.ub.ac.id; status code : 200; wordpress : false
2023/09/07 09:49:28 SUCCESS = URL : http://kepegawaianft.ub.ac.id; status code : 200; wordpress : true
2023/09/07 09:49:30 SUCCESS = URL : http://basic.ub.ac.id; status code : 200; wordpress : true
2023/09/07 09:49:31 SUCCESS = URL : http://repository.fp.ub.ac.id; status code : 200; wordpress : false
2023/09/07 09:49:31 SUCCESS = URL : http://biodetvaksin.mipa.ub.ac.id; status code : 200; wordpress : false
2023/09/07 09:49:31 SUCCESS = URL : http://k8bksti.ub.ac.id; status code : 200; wordpress : false
2023/09/07 09:49:33 ERROR = Get "http://old.fk.ub.ac.id": dial tcp 175.45.187.195:80: connectex: No connection could be made because the target machine actively refused it.
2023/09/07 09:49:35 SUCCESS = URL : http://jmihi.studentjournal.ub.ac.id; status code : 200; wordpress : false
2023/09/07 09:49:38 ERROR = Get "http://jmip.studentjournal.ub.ac.id/index.php/jmip": context deadline exceeded
2023/09/07 09:49:40 SUCCESS = URL : http://bantuankeuangan.ub.ac.id; status code : 200; wordpress : false
2023/09/07 09:49:40 SUCCESS = URL : http://fds.fpik.ub.ac.id; status code : 200; wordpress : true
2023/09/07 09:49:41 SUCCESS = URL : http://www.ewclass.lecture.ub.ac.id; status code : 200; wordpress : true
2023/09/07 09:49:44 SUCCESS = URL : http://teknik.ub.ac.id; status code : 200; wordpress : true
2023/09/07 09:49:47 ERROR = Get "http://jmipm.studentjournal.ub.ac.id/index.php/jgp": context deadline exceeded
2023/09/07 09:49:47 SUCCESS = URL : http://tour-fapet.ub.ac.id; status code : 200; wordpress : false
2023/09/07 09:49:47 SUCCESS = URL : http://monic.ub.ac.id; status code : 401; wordpress : false
2023/09/07 09:49:47 SUCCESS = URL : http://repository.ub.ac.id; status code : 200; wordpress : false
2023/09/07 09:49:49 SUCCESS = URL : http://bua.ub.ac.id; status code : 200; wordpress : true
2023/09/07 09:49:51 ERROR = Get "http://eno3-gw-nat3.ub.ac.id": dial tcp 175.45.189.53:80: connectex: No connection could be made because the target machine actively refused it.
2023/09/07 09:49:53 SUCCESS = URL : http://jtsl.ub.ac.id; status code : 200; wordpress : false
2023/09/07 09:49:54 SUCCESS = URL : http://jitode.ub.ac.id; status code : 200; wordpress : false
2023/09/07 09:49:54 SUCCESS = URL : http://www.ulmpk.fpik.ub.ac.id; status code : 200; wordpress : true
2023/09/07 09:49:55 SUCCESS = URL : http://lecture.ub.ac.id; status code : 200; wordpress : true
2023/09/07 09:49:58 ERROR = Get "http://elektif.fk.ub.ac.id": context deadline exceeded
2023/09/07 09:49:59 SUCCESS = URL : http://bem.fkg.ub.ac.id; status code : 200; wordpress : true
2023/09/07 09:49:59 SUCCESS = URL : http://uniynhusnin.staff.ub.ac.id; status code : 200; wordpress : true
2023/09/07 09:49:59 ERROR = Get "http://c3560sakri.ub.ac.id": dial tcp: lookup c3560sakri.ub.ac.id: no such host
2023/09/07 09:50:00 SUCCESS = URL : http://siado.ub.ac.id; status code : 200; wordpress : true
2023/09/07 09:50:00 SUCCESS = URL : http://wafper.fp.ub.ac.id; status code : 500; wordpress : false
2023/09/07 09:50:03 ERROR = Get "http://elearning-filkom.ub.ac.id": context deadline exceeded
2023/09/07 09:50:06 ERROR = Get "https://industria.ub.ac.id/index.php/industri": context deadline exceeded
2023/09/07 09:50:07 SUCCESS = URL : http://www.asuryanto.lecture.ub.ac.id; status code : 200; wordpress : true
2023/09/07 09:50:09 SUCCESS = URL : http://jnt.ub.ac.id; status code : 200; wordpress : false
2023/09/07 09:50:10 ERROR = Get "https://www.educafl.ub.ac.id/": tls: failed to verify certificate: x509: certificate is valid for *.ub.ac.id, ub.ac.id, not www.educafl.ub.ac.id
2023/09/07 09:50:11 SUCCESS = URL : http://icomera.teknik.ub.ac.id; status code : 200; wordpress : true
2023/09/07 09:50:14 ERROR = Get "http://ctf-gemastik.ub.ac.id": context deadline exceeded
2023/09/07 09:50:14 ERROR = Get "http://c3560fk.ub.ac.id": dial tcp: lookup c3560fk.ub.ac.id: no such host
2023/09/07 09:50:16 SUCCESS = URL : http://pendidikanjepang.fib.ub.ac.id; status code : 200; wordpress : true
2023/09/07 09:50:18 SUCCESS = URL : http://pengairan.ub.ac.id; status code : 200; wordpress : true
2023/09/07 09:50:21 ERROR = Get "http://federation.ub.ac.id": context deadline exceeded
2023/09/07 09:50:21 SUCCESS = URL : http://cat-tif.ub.ac.id; status code : 200; wordpress : false
2023/09/07 09:50:21 SUCCESS = URL : http://akademik-ftp.ub.ac.id; status code : 403; wordpress : false
2023/09/07 09:50:21 ERROR = Get "http://old.teknik.ub.ac.id": dial tcp: lookup old.teknik.ub.ac.id: no such host
2023/09/07 09:50:22 SUCCESS = URL : http://sebrian.lecture.ub.ac.id; status code : 200; wordpress : true
2023/09/07 09:50:22 SUCCESS = URL : http://poultry.lppm.ub.ac.id; status code : 200; wordpress : false
2023/09/07 09:50:25 ERROR = Get "http://oldmail.ub.ac.id": context deadline exceeded
2023/09/07 09:50:25 SUCCESS = URL : http://creanomic.ub.ac.id; status code : 200; wordpress : false
2023/09/07 09:50:26 SUCCESS = URL : http://zainularifin.lecture.ub.ac.id; status code : 410; wordpress : false
2023/09/07 09:50:29 ERROR = Get "http://c3560perikanan.ub.ac.id": context deadline exceeded
2023/09/07 09:50:32 ERROR = Get "http://c3560pengairan.ub.ac.id": context deadline exceeded
2023/09/07 09:50:33 SUCCESS = URL : http://digilibfeb.ub.ac.id; status code : 200; wordpress : false
2023/09/07 09:50:34 SUCCESS = URL : http://thpi.studentjournal.ub.ac.id; status code : 200; wordpress : false
2023/09/07 09:50:35 SUCCESS = URL : http://www.sep.fpik.ub.ac.id; status code : 200; wordpress : true
2023/09/07 09:50:37 SUCCESS = URL : http://pasca.fapet.ub.ac.id; status code : 200; wordpress : true
2023/09/07 09:50:40 ERROR = Get "http://lists.ub.ac.id": dial tcp 175.45.184.82:80: i/o timeout
2023/09/07 09:50:40 ERROR = Get "http://collo-gw.ub.ac.id": dial tcp: lookup collo-gw.ub.ac.id: no such host
2023/09/07 09:50:42 ERROR = Get "http://gw-external.ub.ac.id": dial tcp 175.45.189.235:80: connectex: No connection could be made because the target machine actively refused it.
2023/09/07 09:50:45 SUCCESS = URL : http://vbcj.ub.ac.id; status code : 200; wordpress : false
2023/09/07 09:50:45 SUCCESS = URL : http://hology.ub.ac.id; status code : 200; wordpress : false
2023/09/07 09:50:48 ERROR = Get "http://v1.fk.ub.ac.id": context deadline exceeded
2023/09/07 09:50:51 ERROR = Get "http://virtualkmii.ub.ac.id": context deadline exceeded
2023/09/07 09:50:51 SUCCESS = URL : http://ppikj.ub.ac.id; status code : 200; wordpress : true
2023/09/07 09:50:52 SUCCESS = URL : http://hmtk.teknik.ub.ac.id; status code : 200; wordpress : true
2023/09/07 09:50:52 SUCCESS = URL : http://www.nsc.mipa.ub.ac.id; status code : 200; wordpress : true
2023/09/07 09:50:52 SUCCESS = URL : http://biomedical.fk.ub.ac.id; status code : 500; wordpress : false
2023/09/07 09:50:53 SUCCESS = URL : http://dev-auth.ub.ac.id; status code : 200; wordpress : false
2023/09/07 09:50:54 SUCCESS = URL : http://joim.ub.ac.id; status code : 200; wordpress : false
2023/09/07 09:50:54 ERROR = Get "http://vm-selma3.ub.ac.id": dial tcp: lookup vm-selma3.ub.ac.id: no such host
2023/09/07 09:50:54 SUCCESS = URL : http://vm-xibo.ub.ac.id; status code : 500; wordpress : false
2023/09/07 09:50:54 ERROR = Get "http://vpn-gw.ub.ac.id": dial tcp: lookup vpn-gw.ub.ac.id: no such host
2023/09/07 09:50:58 SUCCESS = URL : http://ppsub.ub.ac.id; status code : 200; wordpress : true
2023/09/07 09:50:58 SUCCESS = URL : http://apps-fisip.ub.ac.id; status code : 200; wordpress : false
2023/09/07 09:50:58 SUCCESS = URL : http://rsub.ub.ac.id; status code : 403; wordpress : false
2023/09/07 09:51:01 ERROR = Get "http://mktrektorat7.ub.ac.id": context deadline exceeded
2023/09/07 09:51:01 ERROR = Get "http://hvm1.ub.ac.id": dial tcp: lookup hvm1.ub.ac.id: no such host
2023/09/07 09:51:04 ERROR = Get "http://ns6.ub.ac.id": context deadline exceeded
2023/09/07 09:51:05 SUCCESS = URL : http://wacana.ub.ac.id; status code : 200; wordpress : false
2023/09/07 09:51:06 SUCCESS = URL : http://islamicinsights.ub.ac.id; status code : 200; wordpress : false
2023/09/07 09:51:06 ERROR = Get "http://www.plasenta.bidan.fk.ub.ac.id": dial tcp: lookup www.plasenta.bidan.fk.ub.ac.id: no such host
2023/09/07 09:51:07 SUCCESS = URL : http://www.sulthonanshory.staff.ub.ac.id; status code : 200; wordpress : true
2023/09/07 09:51:08 SUCCESS = URL : http://www.nuristianah.lecture.ub.ac.id; status code : 200; wordpress : true
2023/09/07 09:51:11 ERROR = Get "http://mktfib.ub.ac.id": context deadline exceeded
2023/09/07 09:51:11 ERROR = Get "https://simsppd.ub.ac.id/": tls: failed to verify certificate: x509: certificate has expired or is not yet valid: 
2023/09/07 09:51:11 ERROR = Get "http://hvm2.ub.ac.id": dial tcp: lookup hvm2.ub.ac.id: no such host
2023/09/07 09:51:13 SUCCESS = URL : http://eprodenta.ub.ac.id; status code : 200; wordpress : false
2023/09/07 09:51:14 SUCCESS = URL : http://www.adelyadesi.lecture.ub.ac.id; status code : 200; wordpress : true
2023/09/07 09:51:14 SUCCESS = URL : http://natural-a.ub.ac.id; status code : 404; wordpress : false
2023/09/07 09:51:15 SUCCESS = URL : http://speedtest.ub.ac.id; status code : 200; wordpress : false
2023/09/07 09:51:15 SUCCESS = URL : http://iki.studentjournal.ub.ac.id; status code : 200; wordpress : false
2023/09/07 09:51:16 SUCCESS = URL : http://fisika.ub.ac.id; status code : 200; wordpress : true
2023/09/07 09:51:19 ERROR = Get "http://bak.ub.ac.id": context deadline exceeded
2023/09/07 09:51:22 ERROR = Get "http://ve-114-gw-internet.ub.ac.id": context deadline exceeded
2023/09/07 09:51:23 SUCCESS = URL : http://turn-blc.ub.ac.id; status code : 200; wordpress : false
2023/09/07 09:51:23 SUCCESS = URL : http://kpri.ub.ac.id; status code : 200; wordpress : true
2023/09/07 09:51:23 SUCCESS = URL : http://webhosts-fh.ub.ac.id; status code : 200; wordpress : false
2023/09/07 09:51:23 SUCCESS = URL : http://bccjudgement-filkom.ub.ac.id; status code : 404; wordpress : false
2023/09/07 09:51:26 ERROR = Get "http://keudb.ub.ac.id": context deadline exceeded
2023/09/07 09:51:27 SUCCESS = URL : http://jurnalhpt.ub.ac.id; status code : 200; wordpress : false
2023/09/07 09:51:28 SUCCESS = URL : http://hotelmanagement.vokasi.ub.ac.id; status code : 200; wordpress : true
2023/09/07 09:51:28 SUCCESS = URL : http://www.agroinotek.ub.ac.id; status code : 200; wordpress : false
2023/09/07 09:51:34 SUCCESS = URL : http://psikologi.ub.ac.id; status code : 200; wordpress : true
2023/09/07 09:51:35 SUCCESS = URL : http://ccfs.ub.ac.id; status code : 200; wordpress : true
2023/09/07 09:51:37 SUCCESS = URL : http://pendidikanindonesia.fib.ub.ac.id; status code : 200; wordpress : true
2023/09/07 09:51:37 SUCCESS = URL : http://himalogista.ub.ac.id; status code : 200; wordpress : true
2023/09/07 09:51:39 SUCCESS = URL : http://kbmpti.filkom.ub.ac.id; status code : 200; wordpress : false
2023/09/07 09:51:39 SUCCESS = URL : http://afirianto.lecture.ub.ac.id; status code : 200; wordpress : true
2023/09/07 09:51:39 SUCCESS = URL : http://teknik-app.ub.ac.id; status code : 200; wordpress : false
2023/09/07 09:51:39 SUCCESS = URL : http://voice.lib.ub.ac.id; status code : 200; wordpress : false
2023/09/07 09:51:41 ERROR = Get "http://devel184.ub.ac.id": dial tcp 175.45.186.84:80: connectex: No connection could be made because the target machine actively refused it.
2023/09/07 09:51:42 SUCCESS = URL : http://www.spae.teknik.ub.ac.id; status code : 200; wordpress : true
2023/09/07 09:51:42 SUCCESS = URL : http://arsc.tp.ub.ac.id; status code : 200; wordpress : true
2023/09/07 09:51:45 ERROR = Get "http://vlan-107-gw-internal.ub.ac.id": context deadline exceeded
2023/09/07 09:51:48 ERROR = Get "http://upsrak2.ub.ac.id": context deadline exceeded
2023/09/07 09:51:49 SUCCESS = URL : http://buk.ub.ac.id; status code : 200; wordpress : true
2023/09/07 09:51:50 SUCCESS = URL : http://redmeat_prod.ub.ac.id; status code : 200; wordpress : true
2023/09/07 09:51:50 ERROR = Get "http://vm-director2.ub.ac.id": dial tcp: lookup vm-director2.ub.ac.id: no such host
2023/09/07 09:51:54 SUCCESS = URL : http://klinik.ub.ac.id; status code : 200; wordpress : true
2023/09/07 09:51:54 SUCCESS = URL : http://bem.fisip.ub.ac.id; status code : 200; wordpress : false
2023/09/07 09:51:54 SUCCESS = URL : http://pdik.fk.ub.ac.id; status code : 500; wordpress : false
2023/09/07 09:51:56 SUCCESS = URL : http://fikes.ub.ac.id; status code : 200; wordpress : true
2023/09/07 09:51:57 SUCCESS = URL : http://www.safaat.lecture.ub.ac.id; status code : 200; wordpress : true
2023/09/07 09:51:58 SUCCESS = URL : http://halofilkom.ub.ac.id; status code : 200; wordpress : false
2023/09/07 09:52:02 SUCCESS = URL : http://www.lpm.fk.ub.ac.id; status code : 200; wordpress : true
2023/09/07 09:52:03 SUCCESS = URL : http://data-ftp.ub.ac.id; status code : 200; wordpress : false
2023/09/07 09:52:05 SUCCESS = URL : http://tatakota.ub.ac.id; status code : 200; wordpress : false
2023/09/07 09:52:05 SUCCESS = URL : http://iycei.ub.ac.id; status code : 200; wordpress : false
2023/09/07 09:52:05 SUCCESS = URL : http://byebf.feb.ub.ac.id; status code : 200; wordpress : true
2023/09/07 09:52:05 SUCCESS = URL : http://darsatop.lecture.ub.ac.id; status code : 200; wordpress : true
2023/09/07 09:52:06 SUCCESS = URL : http://jdih.ub.ac.id; status code : 200; wordpress : false
2023/09/07 09:52:09 ERROR = Get "http://mktrektorat4.ub.ac.id": context deadline exceeded
2023/09/07 09:52:11 SUCCESS = URL : http://pendidikaninggris.fib.ub.ac.id; status code : 200; wordpress : true
2023/09/07 09:52:14 ERROR = Get "http://lpse-lat.ub.ac.id": context deadline exceeded
2023/09/07 09:52:16 SUCCESS = URL : http://lawjournal.ub.ac.id; status code : 200; wordpress : false
2023/09/07 09:52:17 SUCCESS = URL : http://crjim.ub.ac.id; status code : 200; wordpress : false
2023/09/07 09:52:18 SUCCESS = URL : http://purnami.lecture.ub.ac.id; status code : 200; wordpress : true
2023/09/07 09:52:18 ERROR = Get "http://vlan-100-gw-internal.ub.ac.id": dial tcp: lookup vlan-100-gw-internal.ub.ac.id: no such host
2023/09/07 09:52:20 SUCCESS = URL : http://ubpress.ub.ac.id; status code : 200; wordpress : true
2023/09/07 09:52:21 SUCCESS = URL : http://apt.ub.ac.id; status code : 200; wordpress : true
2023/09/07 09:52:24 ERROR = Get "http://mktrektorat2.ub.ac.id": context deadline exceeded
2023/09/07 09:52:27 ERROR = Get "http://elearning.fisip.ub.ac.id": context deadline exceeded
2023/09/07 09:52:27 SUCCESS = URL : http://bisc.ub.ac.id; status code : 200; wordpress : false
2023/09/07 09:52:27 SUCCESS = URL : http://farmasi.fk.ub.ac.id; status code : 500; wordpress : false
2023/09/07 09:52:29 SUCCESS = URL : http://prasetya.ub.ac.id; status code : 200; wordpress : true
2023/09/07 09:52:32 ERROR = Get "http://pemrograman-gemastik.ub.ac.id": context deadline exceeded
2023/09/07 09:52:33 SUCCESS = URL : http://jasds.ub.ac.id; status code : 200; wordpress : false
2023/09/07 09:52:33 SUCCESS = URL : http://materi1.lecture.ub.ac.id; status code : 410; wordpress : false
2023/09/07 09:52:36 ERROR = Get "https://industri.ub.ac.id/": context deadline exceeded
2023/09/07 09:52:37 SUCCESS = URL : http://idapaloepi.staff.ub.ac.id; status code : 200; wordpress : true
2023/09/07 09:52:40 ERROR = Get "http://edx.ub.ac.id": context deadline exceeded
2023/09/07 09:52:42 ERROR = Get "http://federation-consumer.ub.ac.id": dial tcp 175.45.184.158:80: connectex: No connection could be made because the target machine actively refused it.
2023/09/07 09:52:42 ERROR = Get "https://insitu.fk.ub.ac.id/": tls: failed to verify certificate: x509: certificate signed by unknown authority
2023/09/07 09:52:42 SUCCESS = URL : http://bidan.fk.ub.ac.id; status code : 500; wordpress : false
2023/09/07 09:52:44 SUCCESS = URL : http://ijhn.ub.ac.id; status code : 200; wordpress : false
2023/09/07 09:52:47 SUCCESS = URL : http://kemahasiswaan.ub.ac.id; status code : 200; wordpress : true
2023/09/07 09:52:47 SUCCESS = URL : http://acs.ub.ac.id; status code : 200; wordpress : false
2023/09/07 09:52:47 SUCCESS = URL : http://jitecs.ub.ac.id; status code : 200; wordpress : false
2023/09/07 09:52:48 SUCCESS = URL : http://kbmsi.filkom.ub.ac.id; status code : 200; wordpress : false
2023/09/07 09:52:48 ERROR = Get "http://dmz-gw.ub.ac.id": dial tcp: lookup dmz-gw.ub.ac.id: no such host
2023/09/07 09:52:50 ERROR = Get "http://pinmmrs.fk.ub.ac.id": dial tcp 175.45.187.195:80: connectex: No connection could be made because the target machine actively refused it.
2023/09/07 09:52:50 SUCCESS = URL : http://arsip.fisip.ub.ac.id; status code : 200; wordpress : true
2023/09/07 09:52:53 ERROR = Get "http://mktpuskom.ub.ac.id": context deadline exceeded
2023/09/07 09:52:54 SUCCESS = URL : http://dsign.ub.ac.id; status code : 200; wordpress : true
2023/09/07 09:52:54 ERROR = Get "http://radius-ub.ub.ac.id": dial tcp: lookup radius-ub.ub.ac.id: no such host
2023/09/07 09:52:55 SUCCESS = URL : http://db.hosting.ub.ac.id; status code : 200; wordpress : false
2023/09/07 09:52:55 SUCCESS = URL : http://wanihadi.lecture.ub.ac.id; status code : 410; wordpress : false
2023/09/07 09:52:59 SUCCESS = URL : http://io.ub.ac.id; status code : 200; wordpress : true
2023/09/07 09:53:02 SUCCESS = URL : http://bits.ub.ac.id; status code : 200; wordpress : true
2023/09/07 09:53:03 SUCCESS = URL : http://actmp2016.fk.ub.ac.id; status code : 500; wordpress : false
2023/09/07 09:53:04 SUCCESS = URL : http://wbs.ub.ac.id; status code : 200; wordpress : true
2023/09/07 09:53:08 SUCCESS = URL : http://bem.hukum.ub.ac.id; status code : 200; wordpress : true
2023/09/07 09:53:08 SUCCESS = URL : http://formasi.ub.ac.id; status code : 200; wordpress : true
2023/09/07 09:53:11 ERROR = Get "http://ta.fk.ub.ac.id": dial tcp 175.45.187.195:80: connectex: No connection could be made because the target machine actively refused it.
2023/09/07 09:53:12 SUCCESS = URL : http://globalfocus.ub.ac.id; status code : 200; wordpress : false
2023/09/07 09:53:12 SUCCESS = URL : http://lognet.ub.ac.id; status code : 401; wordpress : false
2023/09/07 09:53:14 SUCCESS = URL : http://kerajaan.ub.ac.id; status code : 200; wordpress : false
2023/09/07 09:53:17 ERROR = Get "http://ldap.ub.ac.id": context deadline exceeded
2023/09/07 09:53:17 ERROR = Get "https://old-sister.ub.ac.id": dial tcp: lookup old-sister.ub.ac.id: no such host
2023/09/07 09:53:17 ERROR = Get "http://www.fk.ub.ac.id": dial tcp: lookup www.fk.ub.ac.id: no such host
2023/09/07 09:53:18 SUCCESS = URL : http://www.dewa2384.lecture.ub.ac.id; status code : 200; wordpress : true
2023/09/07 09:53:18 ERROR = Get "http://smtp-lpse.ub.ac.id": dial tcp: lookup smtp-lpse.ub.ac.id: no such host
2023/09/07 09:53:21 ERROR = Get "http://hvm25.ub.ac.id": context deadline exceeded
2023/09/07 09:53:24 SUCCESS = URL : http://fib.ub.ac.id; status code : 200; wordpress : true
2023/09/07 09:53:27 ERROR = Get "http://tutorakun.feb.ub.ac.id": context deadline exceeded
2023/09/07 09:53:27 SUCCESS = URL : http://eduvpn.ub.ac.id; status code : 200; wordpress : false
2023/09/07 09:53:27 SUCCESS = URL : http://rumpin.ub.ac.id; status code : 200; wordpress : false
2023/09/07 09:53:29 ERROR = Get "http://dev-blc.ub.ac.id": dial tcp 175.45.185.14:80: connectex: No connection could be made because the target machine actively refused it.
2023/09/07 09:53:31 SUCCESS = URL : http://www.jtrolis.ub.ac.id; status code : 200; wordpress : false
2023/09/07 09:53:34 ERROR = Get "http://hostmaster.ub.ac.id": context deadline exceeded
2023/09/07 09:53:34 ERROR = Get "http://lp3m.ub.ac.id": dial tcp: lookup lp3m.ub.ac.id: no such host
2023/09/07 09:53:35 SUCCESS = URL : http://www.lki.fk.ub.ac.id; status code : 200; wordpress : true
2023/09/07 09:53:37 SUCCESS = URL : http://metrologi.ub.ac.id; status code : 200; wordpress : true
2023/09/07 09:53:40 ERROR = Get "http://mx.develku.ub.ac.id": dial tcp 175.45.185.151:80: i/o timeout
2023/09/07 09:53:42 ERROR = Get "http://gw-dmz.ub.ac.id": dial tcp 175.45.189.153:80: connectex: No connection could be made because the target machine actively refused it.
2023/09/07 09:53:42 ERROR = Get "https://mktrkb.ub.ac.id/": tls: failed to verify certificate: x509: certificate signed by unknown authority
2023/09/07 09:53:42 SUCCESS = URL : http://bais.ub.ac.id; status code : 200; wordpress : true
2023/09/07 09:53:46 ERROR = Get "http://admin.ns1.ub.ac.id": context deadline exceeded
2023/09/07 09:53:47 SUCCESS = URL : http://mediapsi.ub.ac.id; status code : 200; wordpress : false
2023/09/07 09:53:47 SUCCESS = URL : http://elibrary.ub.ac.id; status code : 200; wordpress : false
2023/09/07 09:53:49 SUCCESS = URL : http://melek.fisip.ub.ac.id; status code : 200; wordpress : true
2023/09/07 09:53:50 SUCCESS = URL : http://www.icon-nursing.ub.ac.id; status code : 200; wordpress : false
2023/09/07 09:53:50 ERROR = Get "http://smc.ub.ac.id": dial tcp: lookup smc.ub.ac.id: no such host
2023/09/07 09:53:52 SUCCESS = URL : http://jkb.ub.ac.id; status code : 200; wordpress : false
2023/09/07 09:53:52 SUCCESS = URL : http://dbjurnal.ub.ac.id; status code : 200; wordpress : false
2023/09/07 09:53:52 SUCCESS = URL : http://docker.ub.ac.id; status code : 200; wordpress : false
2023/09/07 09:53:53 SUCCESS = URL : http://jiap.ub.ac.id; status code : 200; wordpress : false
2023/09/07 09:53:53 SUCCESS = URL : http://smtp1.ub.ac.id; status code : 200; wordpress : false
2023/09/07 09:53:53 ERROR = Get "http://dev-gapura.ub.ac.id": dial tcp: lookup dev-gapura.ub.ac.id: no such host
2023/09/07 09:53:53 ERROR = Get "http://vlm4.ub.ac.id": dial tcp: lookup vlm4.ub.ac.id: no such host
2023/09/07 09:53:56 ERROR = Get "http://ns2.ub.ac.id": dial tcp 175.45.184.72:80: i/o timeout
2023/09/07 09:53:56 SUCCESS = URL : http://hmpd.fk.ub.ac.id; status code : 200; wordpress : false
2023/09/07 09:53:57 SUCCESS = URL : http://www.drhfauzi.lecture.ub.ac.id; status code : 200; wordpress : true
2023/09/07 09:53:57 SUCCESS = URL : http://politik.ub.ac.id; status code : 200; wordpress : false
2023/09/07 09:53:57 SUCCESS = URL : http://devel.ub.ac.id; status code : 404; wordpress : false
2023/09/07 09:53:57 SUCCESS = URL : http://apps-fh.ub.ac.id; status code : 200; wordpress : false
2023/09/07 09:53:57 ERROR = Get "http://dev-prasetya-2019.ub.ac.id": dial tcp: lookup dev-prasetya-2019.ub.ac.id: no such host
2023/09/07 09:53:59 SUCCESS = URL : http://jsmartech.ub.ac.id; status code : 200; wordpress : false
2023/09/07 09:54:00 SUCCESS = URL : http://akademikpdgub.staff.ub.ac.id; status code : 200; wordpress : true
2023/09/07 09:54:00 SUCCESS = URL : http://luchmanhakim.lecture.ub.ac.id; status code : 200; wordpress : true
2023/09/07 09:54:03 ERROR = Get "http://deepofix2.ub.ac.id": context deadline exceeded
2023/09/07 09:54:04 SUCCESS = URL : http://jmp.ub.ac.id; status code : 200; wordpress : false
2023/09/07 09:54:04 SUCCESS = URL : http://dev-oa.ub.ac.id; status code : 200; wordpress : false
2023/09/07 09:54:06 SUCCESS = URL : http://sastrainggris.fib.ub.ac.id; status code : 200; wordpress : true
2023/09/07 09:54:06 SUCCESS = URL : http://www.physalisherbs.fk.ub.ac.id; status code : 500; wordpress : false
2023/09/07 09:54:09 SUCCESS = URL : http://himasigi.fisip.ub.ac.id; status code : 200; wordpress : true
2023/09/07 09:54:09 ERROR = Get "http://studentjournal.ub.ac.id": dial tcp: lookup studentjournal.ub.ac.id: no such host
2023/09/07 09:54:09 ERROR = Get "https://serg.filkom.ub.ac.id/": tls: failed to verify certificate: x509: certificate has expired or is not yet valid: 
2023/09/07 09:54:09 SUCCESS = URL : http://prisma.fp.ub.ac.id; status code : 200; wordpress : true
2023/09/07 09:54:12 ERROR = Get "http://fiadb.ub.ac.id": context deadline exceeded
2023/09/07 09:54:12 ERROR = Get "http://c3560ftp.ub.ac.id": dial tcp: lookup c3560ftp.ub.ac.id: no such host
2023/09/07 09:54:15 ERROR = Get "http://vm-mailscanner.ub.ac.id": context deadline exceeded
2023/09/07 09:54:18 ERROR = Get "http://sijulia.tp.ub.ac.id": context deadline exceeded
2023/09/07 09:54:19 ERROR = Get "http://api.studentjournal.ub.ac.id": dial tcp: lookup api.studentjournal.ub.ac.id: no such host
2023/09/07 09:54:19 SUCCESS = URL : http://warkat.ub.ac.id; status code : 200; wordpress : false
2023/09/07 09:54:22 ERROR = Get "http://gw-internal.ub.ac.id": context deadline exceeded
2023/09/07 09:54:23 SUCCESS = URL : http://rekayasasipil.ub.ac.id; status code : 200; wordpress : false
2023/09/07 09:54:24 SUCCESS = URL : http://nsc.mipa.ub.ac.id; status code : 200; wordpress : true
2023/09/07 09:54:24 SUCCESS = URL : http://labeksplorasi.fpik.ub.ac.id; status code : 200; wordpress : false
2023/09/07 09:54:25 SUCCESS = URL : http://fapet.ub.ac.id; status code : 200; wordpress : true
2023/09/07 09:54:28 ERROR = Get "http://smtp.cloud.ub.ac.id": context deadline exceeded
2023/09/07 09:54:28 SUCCESS = URL : http://plasenta.bidan.fk.ub.ac.id; status code : 200; wordpress : false
2023/09/07 09:54:28 SUCCESS = URL : http://virtualfair.ub.ac.id; status code : 200; wordpress : false
2023/09/07 09:54:30 SUCCESS = URL : http://jmppk.ub.ac.id; status code : 200; wordpress : false
2023/09/07 09:54:30 SUCCESS = URL : http://www.ss.mipa.ub.ac.id; status code : 200; wordpress : true
2023/09/07 09:54:30 SUCCESS = URL : http://sentrin.filkom.ub.ac.id; status code : 200; wordpress : false
2023/09/07 09:54:33 ERROR = Get "http://webmail1.ub.ac.id": context deadline exceeded
2023/09/07 09:54:34 SUCCESS = URL : http://moodle.ub.ac.id; status code : 200; wordpress : false
2023/09/07 09:54:36 SUCCESS = URL : http://statistika.ub.ac.id; status code : 200; wordpress : false
2023/09/07 09:54:36 SUCCESS = URL : http://www.fds.fpik.ub.ac.id; status code : 200; wordpress : true
2023/09/07 09:54:38 ERROR = Get "http://eno1-gw-nat3.ub.ac.id": dial tcp 175.45.189.69:80: connectex: No connection could be made because the target machine actively refused it.
2023/09/07 09:54:39 SUCCESS = URL : http://sandbox.ub.ac.id; status code : 200; wordpress : false
2023/09/07 09:54:39 SUCCESS = URL : http://ruvid.ub.ac.id; status code : 200; wordpress : false
2023/09/07 09:54:39 SUCCESS = URL : http://psp.fpik.ub.ac.id; status code : 200; wordpress : true
2023/09/07 09:54:40 SUCCESS = URL : http://nuristianah.lecture.ub.ac.id; status code : 200; wordpress : true
2023/09/07 09:54:42 ERROR = Get "http://ge-1-15-gw-external.ub.ac.id": dial tcp 175.45.189.235:80: connectex: No connection could be made because the target machine actively refused it.
2023/09/07 09:54:42 ERROR = Get "https://c3560ilmutanah.ub.ac.id/": tls: failed to verify certificate: x509: certificate signed by unknown authority
2023/09/07 09:54:44 ERROR = Get "https://mm.feb.ub.ac.id/": tls: failed to verify certificate: x509: certificate is valid for accounting.feb.ub.ac.id, not mm.feb.ub.ac.id
2023/09/07 09:54:47 ERROR = Get "https://ub.ac.id/": context deadline exceeded
2023/09/07 09:54:51 SUCCESS = URL : http://www.himapsi.fisip.ub.ac.id; status code : 200; wordpress : true
2023/09/07 09:54:51 SUCCESS = URL : http://pjj.ub.ac.id; status code : 200; wordpress : false
2023/09/07 09:54:54 ERROR = Get "http://singo.ub.ac.id": context deadline exceeded
2023/09/07 09:54:57 ERROR = Get "https://industria.ub.ac.id/index.php/industri": context deadline exceeded
2023/09/07 09:54:59 ERROR = Get "http://esxi4.ub.ac.id": dial tcp 175.45.184.59:80: connectex: No connection could be made because the target machine actively refused it.
2023/09/07 09:54:59 SUCCESS = URL : http://siakad.mku.ub.ac.id; status code : 200; wordpress : false
2023/09/07 09:54:59 ERROR = Get "http://central-sw.ub.ac.id": dial tcp: lookup central-sw.ub.ac.id: no such host
2023/09/07 09:54:59 SUCCESS = URL : http://ftp-e-library.ub.ac.id; status code : 200; wordpress : false
2023/09/07 09:54:59 ERROR = Get "http://demo-fisip.ub.ac.id": dial tcp: lookup demo-fisip.ub.ac.id: no such host
2023/09/07 09:54:59 ERROR = Get "http://lt3-sw.ub.ac.id": dial tcp: lookup lt3-sw.ub.ac.id: no such host
2023/09/07 09:55:00 SUCCESS = URL : http://siatfp.ub.ac.id; status code : 200; wordpress : true
2023/09/07 09:55:02 ERROR = Get "http://elearning.pasca.ub.ac.id": dial tcp 175.45.184.32:80: connectex: No connection could be made because the target machine actively refused it.
2023/09/07 09:55:05 ERROR = Get "http://san1.ub.ac.id": context deadline exceeded
2023/09/07 09:55:08 SUCCESS = URL : http://blog.ub.ac.id; status code : 200; wordpress : true
2023/09/07 09:55:08 ERROR = Get "https://transformative.ub.ac.id/": tls: failed to verify certificate: x509: certificate has expired or is not yet valid: 
2023/09/07 09:55:08 SUCCESS = URL : http://simklinik.ub.ac.id; status code : 200; wordpress : true
2023/09/07 09:55:08 SUCCESS = URL : http://bsb.ub.ac.id; status code : 200; wordpress : false
2023/09/07 09:55:10 SUCCESS = URL : http://www.pkkmaba.feb.ub.ac.id; status code : 200; wordpress : true
2023/09/07 09:55:11 SUCCESS = URL : http://fdm.teknik.ub.ac.id; status code : 200; wordpress : true
2023/09/07 09:55:14 SUCCESS = URL : http://linguistics.fib.ub.ac.id; status code : 200; wordpress : true
2023/09/07 09:55:14 SUCCESS = URL : http://p2appjj.ub.ac.id; status code : 200; wordpress : false
2023/09/07 09:55:14 SUCCESS = URL : http://riniftpub.lecture.ub.ac.id; status code : 200; wordpress : true
2023/09/07 09:55:14 SUCCESS = URL : http://proc-iceo.ub.ac.id; status code : 404; wordpress : false
2023/09/07 09:55:15 SUCCESS = URL : http://anandahussein.lecture.ub.ac.id; status code : 200; wordpress : true
2023/09/07 09:55:15 SUCCESS = URL : http://porang.ub.ac.id; status code : 200; wordpress : false
2023/09/07 09:55:18 SUCCESS = URL : http://sastracina.fib.ub.ac.id; status code : 200; wordpress : true
2023/09/07 09:55:18 SUCCESS = URL : http://digilib.ub.ac.id; status code : 200; wordpress : false
2023/09/07 09:55:19 SUCCESS = URL : http://fp.ub.ac.id; status code : 200; wordpress : false
2023/09/07 09:55:22 ERROR = Get "http://ns5.ub.ac.id": context deadline exceeded
2023/09/07 09:55:25 ERROR = Get "http://codemaniac-filkom.ub.ac.id": context deadline exceeded
2023/09/07 09:55:27 ERROR = Get "http://drive-filkom.ub.ac.id": dial tcp 175.45.187.251:80: connectex: No connection could be made because the target machine actively refused it.
2023/09/07 09:55:29 ERROR = Get "http://cloud.ub.ac.id": dial tcp 175.45.186.22:80: connectex: No connection could be made because the target machine actively refused it.
2023/09/07 09:55:29 ERROR = Get "http://vlan-2700-gw-ub-idren.ub.ac.id": dial tcp: lookup vlan-2700-gw-ub-idren.ub.ac.id: no such host
2023/09/07 09:55:29 SUCCESS = URL : http://s2keperawatan.fk.ub.ac.id; status code : 500; wordpress : false
2023/09/07 09:55:32 ERROR = Get "http://smiagiub.mipa.ub.ac.id": context deadline exceeded
2023/09/07 09:55:35 ERROR = Get "http://vlan-103-gw-external.ub.ac.id": context deadline exceeded
2023/09/07 09:55:36 SUCCESS = URL : http://jtiik.ub.ac.id; status code : 200; wordpress : false
2023/09/07 09:55:38 ERROR = Get "https://ecomplaint.feb.ub.ac.id/": tls: failed to verify certificate: x509: certificate is valid for accounting.feb.ub.ac.id, not ecomplaint.feb.ub.ac.id
2023/09/07 09:55:38 ERROR = Get "https://www.fapet.ub.ac.id/": tls: failed to verify certificate: x509: certificate is valid for *.ub.ac.id, ub.ac.id, not www.fapet.ub.ac.id
2023/09/07 09:55:38 SUCCESS = URL : http://training.ub.ac.id; status code : 200; wordpress : false
2023/09/07 09:55:41 ERROR = Get "https://ub.ac.id/": context deadline exceeded
2023/09/07 09:55:44 ERROR = Get "http://ns1.fk.ub.ac.id": context deadline exceeded
2023/09/07 09:55:45 SUCCESS = URL : http://habibi.staff.ub.ac.id; status code : 200; wordpress : true
2023/09/07 09:55:48 SUCCESS = URL : http://dpm.feb.ub.ac.id; status code : 200; wordpress : true
2023/09/07 09:55:48 ERROR = Get "http://respository.ub.ac.id": dial tcp: lookup respository.ub.ac.id: no such host
2023/09/07 09:55:48 SUCCESS = URL : http://gitlab.ub.ac.id; status code : 200; wordpress : true
2023/09/07 09:55:50 ERROR = Get "http://tube.ub.ac.id": dial tcp 175.45.184.60:80: connectex: No connection could be made because the target machine actively refused it.
2023/09/07 09:55:50 ERROR = Get "https://jtif.filkom.ub.ac.id/": tls: failed to verify certificate: x509: certificate has expired or is not yet valid: 
2023/09/07 09:55:51 SUCCESS = URL : http://tema.ub.ac.id; status code : 200; wordpress : false
2023/09/07 09:55:51 SUCCESS = URL : http://sreka.ub.ac.id; status code : 200; wordpress : true
2023/09/07 09:55:53 ERROR = Get "https://pkpm.feb.ub.ac.id/": tls: failed to verify certificate: x509: certificate is valid for accounting.feb.ub.ac.id, not pkpm.feb.ub.ac.id
2023/09/07 09:55:56 SUCCESS = URL : http://jtresda.ub.ac.id; status code : 200; wordpress : false
2023/09/07 09:55:56 SUCCESS = URL : http://dpm.filkom.ub.ac.id; status code : 200; wordpress : false
2023/09/07 09:55:57 SUCCESS = URL : http://himahi.fisip.ub.ac.id; status code : 200; wordpress : true
2023/09/07 09:55:57 SUCCESS = URL : http://proceeding-icofmr.ub.ac.id; status code : 200; wordpress : false
2023/09/07 09:56:00 ERROR = Get "http://develku.ub.ac.id": context deadline exceeded
2023/09/07 09:56:00 ERROR = Get "https://rekon.ub.ac.id/": tls: failed to verify certificate: x509: certificate has expired or is not yet valid: 
2023/09/07 09:56:03 ERROR = Get "http://ppti-app.ub.ac.id": context deadline exceeded
2023/09/07 09:56:04 SUCCESS = URL : http://metsyn.fikes.ub.ac.id; status code : 200; wordpress : true
2023/09/07 09:56:05 SUCCESS = URL : http://ictaf.ub.ac.id; status code : 200; wordpress : false
2023/09/07 09:56:05 ERROR = Get "http://www.nas.ub.ac.id": dial tcp: lookup www.nas.ub.ac.id: no such host
2023/09/07 09:56:05 SUCCESS = URL : http://ge-2-26-gw-ub-idren.ub.ac.id; status code : 401; wordpress : false
2023/09/07 09:56:08 SUCCESS = URL : http://sias.ub.ac.id; status code : 200; wordpress : false
2023/09/07 09:56:10 SUCCESS = URL : http://bastra.fib.ub.ac.id; status code : 200; wordpress : true
2023/09/07 09:56:11 SUCCESS = URL : http://msp.fpik.ub.ac.id; status code : 200; wordpress : true
2023/09/07 09:56:12 SUCCESS = URL : http://ss.mipa.ub.ac.id; status code : 200; wordpress : true
2023/09/07 09:56:12 SUCCESS = URL : http://bppft.ub.ac.id; status code : 200; wordpress : true
2023/09/07 09:56:15 ERROR = Get "https://tip.ub.ac.id/": context deadline exceeded
2023/09/07 09:56:17 SUCCESS = URL : http://biotropika.ub.ac.id; status code : 200; wordpress : false
2023/09/07 09:56:17 ERROR = Get "https://pdtt-dev.ub.ac.id/": tls: failed to verify certificate: x509: certificate has expired or is not yet valid: 
2023/09/07 09:56:17 SUCCESS = URL : http://sophos.ub.ac.id; status code : 200; wordpress : false
2023/09/07 09:56:18 SUCCESS = URL : http://bbb.feb.ub.ac.id; status code : 200; wordpress : true
2023/09/07 09:56:18 SUCCESS = URL : http://bpi.ub.ac.id; status code : 200; wordpress : true
2023/09/07 09:56:19 SUCCESS = URL : http://dimasloka.ub.ac.id; status code : 200; wordpress : false
2023/09/07 09:56:21 ERROR = Get "http://smtp2.ub.ac.id": dial tcp 175.45.184.63:80: connectex: No connection could be made because the target machine actively refused it.
2023/09/07 09:56:21 SUCCESS = URL : http://jurnaleeccis.ub.ac.id; status code : 200; wordpress : false
2023/09/07 09:56:24 ERROR = Get "http://elearning.fh.ub.ac.id": dial tcp 175.45.184.32:80: connectex: No connection could be made because the target machine actively refused it.
2023/09/07 09:56:24 SUCCESS = URL : http://bccdrophere-filkom.ub.ac.id; status code : 404; wordpress : false
2023/09/07 09:56:24 SUCCESS = URL : http://spae.teknik.ub.ac.id; status code : 200; wordpress : true
2023/09/07 09:56:25 SUCCESS = URL : http://snifib.ub.ac.id; status code : 200; wordpress : true
2023/09/07 09:56:25 SUCCESS = URL : http://hmm.teknik.ub.ac.id; status code : 200; wordpress : false
2023/09/07 09:56:28 ERROR = Get "https://mipa.ub.ac.id/": context deadline exceeded
2023/09/07 09:56:31 ERROR = Get "http://qss.ub.ac.id": context deadline exceeded
2023/09/07 09:56:32 SUCCESS = URL : http://expo.awmm.ub.ac.id; status code : 200; wordpress : false
2023/09/07 09:56:33 SUCCESS = URL : http://ijpas.ub.ac.id; status code : 200; wordpress : false
2023/09/07 09:56:34 SUCCESS = URL : http://tjahjanulindomai.lecture.ub.ac.id; status code : 200; wordpress : true
2023/09/07 09:56:35 SUCCESS = URL : http://www.jadfan.lecture.ub.ac.id; status code : 200; wordpress : true
2023/09/07 09:56:38 ERROR = Get "http://vm-db-siakad1.ub.ac.id": context deadline exceeded
2023/09/07 09:56:38 ERROR = Get "http://vm-pengumuman5.ub.ac.id": dial tcp: lookup vm-pengumuman5.ub.ac.id: no such host
2023/09/07 09:56:38 ERROR = Get "https://icnrg.filkom.ub.ac.id/": tls: failed to verify certificate: x509: certificate has expired or is not yet valid: 
2023/09/07 09:56:40 SUCCESS = URL : http://www.apps.sipil.ub.ac.id; status code : 200; wordpress : false
2023/09/07 09:56:40 SUCCESS = URL : http://webmail2.ub.ac.id; status code : 200; wordpress : false
2023/09/07 09:56:41 SUCCESS = URL : http://www.sii.bua.ub.ac.id; status code : 200; wordpress : true
2023/09/07 09:56:43 SUCCESS = URL : http://www.telkom.elektro.ub.ac.id; status code : 200; wordpress : true
2023/09/07 09:56:46 ERROR = Get "http://c3560gs.ub.ac.id": context deadline exceeded
2023/09/07 09:56:47 SUCCESS = URL : http://www.e-skk.fkg.ub.ac.id; status code : 200; wordpress : false
2023/09/07 09:56:49 SUCCESS = URL : http://hmfbrawijaya.ub.ac.id; status code : 200; wordpress : true
2023/09/07 09:56:51 SUCCESS = URL : http://www.dpm.filkom.ub.ac.id; status code : 200; wordpress : false
2023/09/07 09:56:52 SUCCESS = URL : http://cloud-dev.ub.ac.id; status code : 200; wordpress : true
2023/09/07 09:56:52 SUCCESS = URL : http://soi-gw.ub.ac.id; status code : 200; wordpress : false
2023/09/07 09:56:53 SUCCESS = URL : http://administrasipublik.studentjournal.ub.ac.id; status code : 200; wordpress : false
2023/09/07 09:56:53 SUCCESS = URL : http://psik.fk.ub.ac.id; status code : 500; wordpress : false
2023/09/07 09:56:54 SUCCESS = URL : http://pwk.studentjournal.ub.ac.id; status code : 200; wordpress : false
2023/09/07 09:56:54 SUCCESS = URL : http://matomo.ub.ac.id; status code : 200; wordpress : false
2023/09/07 09:56:59 SUCCESS = URL : http://sosiologi.ub.ac.id; status code : 200; wordpress : true
2023/09/07 09:57:01 SUCCESS = URL : http://kimia.ub.ac.id; status code : 200; wordpress : true
2023/09/07 09:57:02 SUCCESS = URL : http://mcs.filkom.ub.ac.id; status code : 200; wordpress : true
2023/09/07 09:57:03 SUCCESS = URL : http://reaksi.ub.ac.id; status code : 200; wordpress : false
2023/09/07 09:57:03 SUCCESS = URL : http://yuwaraja.vokasi.ub.ac.id; status code : 200; wordpress : false
2023/09/07 09:57:03 SUCCESS = URL : http://elektronika.elektro.ub.ac.id; status code : 200; wordpress : false
2023/09/07 09:57:03 SUCCESS = URL : http://lpse.ub.ac.id; status code : 200; wordpress : false
2023/09/07 09:57:05 SUCCESS = URL : http://eeccis.ub.ac.id; status code : 200; wordpress : true
2023/09/07 09:57:06 SUCCESS = URL : http://muwafikcenter.lecture.ub.ac.id; status code : 200; wordpress : true
2023/09/07 09:57:06 ERROR = Get "http://ens1f-1-gw-nat3.ub.ac.id": dial tcp: lookup ens1f-1-gw-nat3.ub.ac.id: no such host
2023/09/07 09:57:06 ERROR = Get "https://appfkh.ub.ac.id": tls: failed to verify certificate: x509: certificate has expired or is not yet valid: 
2023/09/07 09:57:09 ERROR = Get "http://elearning.tp.ub.ac.id": context deadline exceeded
2023/09/07 09:57:10 SUCCESS = URL : http://jmsos.studentjournal.ub.ac.id; status code : 200; wordpress : false
2023/09/07 09:57:10 SUCCESS = URL : http://bahasa.fib.ub.ac.id; status code : 200; wordpress : true
2023/09/07 09:57:10 SUCCESS = URL : http://comvis.filkom.ub.ac.id; status code : 200; wordpress : true
2023/09/07 09:57:12 ERROR = Get "http://c3560fia.ub.ac.id": dial tcp 175.45.190.5:80: connectex: No connection could be made because the target machine actively refused it.
2023/09/07 09:57:13 SUCCESS = URL : http://jurnal.ub.ac.id; status code : 200; wordpress : false
2023/09/07 09:57:17 SUCCESS = URL : http://webftp.hosting.ub.ac.id; status code : 200; wordpress : true
2023/09/07 09:57:18 SUCCESS = URL : http://geofisika.ub.ac.id; status code : 200; wordpress : true
2023/09/07 09:57:21 SUCCESS = URL : http://vokasi.ub.ac.id; status code : 200; wordpress : true
2023/09/07 09:57:21 ERROR = Get "http://hvm3.ub.ac.id": dial tcp: lookup hvm3.ub.ac.id: no such host
2023/09/07 09:57:21 ERROR = Get "http://gw-dev.ub.ac.id": dial tcp: lookup gw-dev.ub.ac.id: no such host
2023/09/07 09:57:21 SUCCESS = URL : http://2012.ub.ac.id; status code : 200; wordpress : false
2023/09/07 09:57:22 SUCCESS = URL : http://vlm2.ub.ac.id; status code : 200; wordpress : false
2023/09/07 09:57:23 SUCCESS = URL : http://igtj.ub.ac.id; status code : 200; wordpress : false
2023/09/07 09:57:23 SUCCESS = URL : http://devel.feb.ub.ac.id; status code : 404; wordpress : false
2023/09/07 09:57:25 SUCCESS = URL : http://matematika.ub.ac.id; status code : 200; wordpress : true
2023/09/07 09:57:28 ERROR = Get "https://ppke.feb.ub.ac.id/": tls: failed to verify certificate: x509: certificate is valid for accounting.feb.ub.ac.id, not ppke.feb.ub.ac.id
2023/09/07 09:57:31 ERROR = Get "https://cbb.ub.ac.id/": context deadline exceeded
2023/09/07 09:57:32 SUCCESS = URL : http://bazis.ub.ac.id; status code : 200; wordpress : true
2023/09/07 09:57:35 ERROR = Get "http://enp19s0f1-gw-nat3.ub.ac.id": context deadline exceeded
2023/09/07 09:57:38 ERROR = Get "http://survey.ub.ac.id": context deadline exceeded
2023/09/07 09:57:38 SUCCESS = URL : http://dev-testdeploy.ub.ac.id; status code : 502; wordpress : false
2023/09/07 09:57:40 SUCCESS = URL : http://csefb.ub.ac.id; status code : 200; wordpress : false
2023/09/07 09:57:40 SUCCESS = URL : http://labbiotek.tp.ub.ac.id; status code : 200; wordpress : true
2023/09/07 09:57:40 SUCCESS = URL : http://rdapps.ub.ac.id; status code : 200; wordpress : false
2023/09/07 09:57:40 ERROR = Get "http://c3560perpus.ub.ac.id": dial tcp: lookup c3560perpus.ub.ac.id: no such host
2023/09/07 09:57:41 SUCCESS = URL : http://brone.ub.ac.id; status code : 200; wordpress : false
2023/09/07 09:57:42 SUCCESS = URL : http://jurnaltanah.studentjournal.ub.ac.id; status code : 200; wordpress : false
2023/09/07 09:57:44 SUCCESS = URL : http://abazh.lecturer.ub.ac.id; status code : 200; wordpress : false
2023/09/07 09:57:45 SUCCESS = URL : http://magister.fpik.ub.ac.id; status code : 200; wordpress : true
2023/09/07 09:57:45 ERROR = Get "http://ether-1-gw-tik.ub.ac.id": dial tcp: lookup ether-1-gw-tik.ub.ac.id: no such host
2023/09/07 09:57:45 SUCCESS = URL : http://haloselma.ub.ac.id; status code : 200; wordpress : false
2023/09/07 09:57:46 SUCCESS = URL : http://profit.ub.ac.id; status code : 200; wordpress : false
2023/09/07 09:57:47 SUCCESS = URL : http://bem.feb.ub.ac.id; status code : 200; wordpress : true
2023/09/07 09:57:48 SUCCESS = URL : http://rakhmadhany.lecture.ub.ac.id; status code : 200; wordpress : true
2023/09/07 09:57:48 ERROR = Get "http://c3560kediri.ub.ac.id": dial tcp: lookup c3560kediri.ub.ac.id: no such host
2023/09/07 09:57:51 ERROR = Get "http://mx2.develku.ub.ac.id": context deadline exceeded
2023/09/07 09:57:52 SUCCESS = URL : http://jochapm.ub.ac.id; status code : 200; wordpress : false
2023/09/07 09:57:53 SUCCESS = URL : http://hukum.studentjournal.ub.ac.id; status code : 200; wordpress : false
2023/09/07 09:57:53 SUCCESS = URL : http://upsrak1.ub.ac.id; status code : 200; wordpress : false
2023/09/07 09:57:53 ERROR = Get "http://www.journallinkunganundiparsitektur.studentjournal.ub.ac.id": dial tcp: lookup www.journallinkunganundiparsitektur.studentjournal.ub.ac.id: no such host
2023/09/07 09:57:56 ERROR = Get "http://arsitektur.studentjournal.ub.ac.id/index.php/jma": context deadline exceeded
2023/09/07 09:57:59 SUCCESS = URL : http://hukum.ub.ac.id; status code : 200; wordpress : true
2023/09/07 09:58:00 SUCCESS = URL : http://www.aulanni.lecture.ub.ac.id; status code : 200; wordpress : true
2023/09/07 09:58:03 ERROR = Get "http://mktrektorat6.ub.ac.id": context deadline exceeded
2023/09/07 09:58:03 SUCCESS = URL : http://pengumuman.ub.ac.id; status code : 200; wordpress : true
2023/09/07 09:58:03 ERROR = Get "https://coba.devel-filkom.ub.ac.id/": tls: failed to verify certificate: x509: certificate has expired or is not yet valid: 
2023/09/07 09:58:03 SUCCESS = URL : http://elevate.fk.ub.ac.id; status code : 200; wordpress : false
2023/09/07 09:58:05 SUCCESS = URL : http://mrj.ub.ac.id; status code : 200; wordpress : false
2023/09/07 09:58:05 SUCCESS = URL : http://sakip.ub.ac.id; status code : 200; wordpress : true
2023/09/07 09:58:08 ERROR = Get "http://mktrektorat1.ub.ac.id": context deadline exceeded
2023/09/07 09:58:10 ERROR = Get "http://live.ub.ac.id": dial tcp 175.45.185.215:80: connectex: No connection could be made because the target machine actively refused it.
2023/09/07 09:58:13 ERROR = Get "http://elearning.ptiik.ub.ac.id": context deadline exceeded
2023/09/07 09:58:15 ERROR = Get "https://pk2nd.feb.ub.ac.id/": tls: failed to verify certificate: x509: certificate is valid for accounting.feb.ub.ac.id, not pk2nd.feb.ub.ac.id
2023/09/07 09:58:15 SUCCESS = URL : http://afebi.feb.ub.ac.id; status code : 200; wordpress : true
2023/09/07 09:58:16 SUCCESS = URL : http://befic.ub.ac.id; status code : 200; wordpress : true
2023/09/07 09:58:18 ERROR = Get "http://c3560widyaloka.ub.ac.id": dial tcp 175.45.190.3:80: connectex: No connection could be made because the target machine actively refused it.
2023/09/07 09:58:20 SUCCESS = URL : http://www.magister.fpik.ub.ac.id; status code : 200; wordpress : true
2023/09/07 09:58:20 SUCCESS = URL : http://maulana.lecture.ub.ac.id; status code : 200; wordpress : true
2023/09/07 09:58:20 ERROR = Get "http://vlan-120-gw-internal.ub.ac.id.ub.ac.id": dial tcp: lookup vlan-120-gw-internal.ub.ac.id.ub.ac.id: no such host
2023/09/07 09:58:22 ERROR = Get "http://ens1f1-106-gw-nat.ub.ac.id": dial tcp 175.45.189.85:80: connectex: No connection could be made because the target machine actively refused it.
2023/09/07 09:58:22 SUCCESS = URL : http://sinatra.ub.ac.id; status code : 200; wordpress : true
2023/09/07 09:58:23 SUCCESS = URL : http://bpi.studentjournal.ub.ac.id; status code : 200; wordpress : false
2023/09/07 09:58:24 SUCCESS = URL : http://www.science.lecture.ub.ac.id; status code : 200; wordpress : true
2023/09/07 09:58:26 ERROR = Get "http://ns3.ub.ac.id": dial tcp 175.45.184.58:80: connectex: No connection could be made because the target machine actively refused it.
2023/09/07 09:58:28 ERROR = Get "http://bridgedb.ub.ac.id": dial tcp 175.45.184.77:80: connectex: No connection could be made because the target machine actively refused it.
2023/09/07 09:58:29 SUCCESS = URL : http://nodin.ub.ac.id; status code : 200; wordpress : false
2023/09/07 09:58:29 ERROR = Get "http://c3560ftdekanat.ub.ac.id": dial tcp: lookup c3560ftdekanat.ub.ac.id: no such host
2023/09/07 09:58:29 SUCCESS = URL : http://admisi.ub.ac.id; status code : 200; wordpress : true
2023/09/07 09:58:31 SUCCESS = URL : http://lib.ub.ac.id; status code : 200; wordpress : true
2023/09/07 09:58:34 ERROR = Get "http://bond-0-gw-nat2.ub.ac.id": context deadline exceeded
2023/09/07 09:58:34 ERROR = Get "http://matematika.studentjournal.ub.ac.id": dial tcp: lookup matematika.studentjournal.ub.ac.id: no such host
2023/09/07 09:58:37 ERROR = Get "http://mktrektorat5.ub.ac.id": context deadline exceeded
2023/09/07 09:58:38 SUCCESS = URL : http://www.clfest.hukum.ub.ac.id; status code : 200; wordpress : true
2023/09/07 09:58:38 SUCCESS = URL : http://simkeu.ub.ac.id; status code : 200; wordpress : true
2023/09/07 09:58:40 ERROR = Get "http://mmos.fk.ub.ac.id": dial tcp 175.45.187.195:80: connectex: No connection could be made because the target machine actively refused it.
2023/09/07 09:58:40 SUCCESS = URL : http://tkom.filkom.ub.ac.id; status code : 200; wordpress : false
2023/09/07 09:58:43 ERROR = Get "http://kemahasiswaan.feb.ub.ac.id": context deadline exceeded
2023/09/07 09:58:46 SUCCESS = URL : http://tik.ub.ac.id; status code : 200; wordpress : true
2023/09/07 09:58:46 ERROR = Get "https://virtualtour.ub.ac.id/": tls: failed to verify certificate: x509: certificate has expired or is not yet valid: 
2023/09/07 09:58:50 SUCCESS = URL : http://iceo.ub.ac.id; status code : 200; wordpress : true
2023/09/07 09:58:50 ERROR = Get "http://nat.ub.ac.id": dial tcp: lookup nat.ub.ac.id: no such host
2023/09/07 09:58:51 SUCCESS = URL : http://ppsmipa.ub.ac.id; status code : 200; wordpress : true
2023/09/07 09:58:54 ERROR = Get "https://bicab.ub.ac.id/": tls: failed to verify certificate: x509: certificate is valid for accounting.feb.ub.ac.id, not bicab.ub.ac.id
2023/09/07 09:58:56 ERROR = Get "http://internal-gw.ub.ac.id": dial tcp 175.45.190.1:80: connectex: No connection could be made because the target machine actively refused it.
2023/09/07 09:58:59 ERROR = Get "http://vpn2.ub.ac.id": context deadline exceeded
2023/09/07 09:59:01 SUCCESS = URL : http://himadata.fp.ub.ac.id; status code : 200; wordpress : true
2023/09/07 09:59:01 ERROR = Get "http://vm-pengumuman4.ub.ac.id": dial tcp: lookup vm-pengumuman4.ub.ac.id: no such host
2023/09/07 09:59:04 SUCCESS = URL : http://civense.ub.ac.id; status code : 200; wordpress : false
2023/09/07 09:59:04 SUCCESS = URL : http://sita-teub.ub.ac.id; status code : 200; wordpress : false
2023/09/07 09:59:08 SUCCESS = URL : http://fkg.ub.ac.id; status code : 200; wordpress : true
2023/09/07 09:59:09 ERROR = Get "https://rdc.ub.ac.id/": tls: failed to verify certificate: x509: certificate has expired or is not yet valid: 
2023/09/07 09:59:11 SUCCESS = URL : http://jchr.ub.ac.id; status code : 200; wordpress : false
2023/09/07 09:59:11 SUCCESS = URL : http://kmiexpo2021.ub.ac.id; status code : 200; wordpress : false
2023/09/07 09:59:14 ERROR = Get "http://elda.elektro.ub.ac.id": context deadline exceeded
2023/09/07 09:59:14 ERROR = Get "https://c3560biologi.ub.ac.id/": tls: failed to verify certificate: x509: certificate signed by unknown authority
2023/09/07 09:59:15 SUCCESS = URL : http://lki.fk.ub.ac.id; status code : 200; wordpress : true
2023/09/07 09:59:17 SUCCESS = URL : http://jfmr.ub.ac.id; status code : 200; wordpress : false
2023/09/07 09:59:17 SUCCESS = URL : http://cbt.ub.ac.id; status code : 200; wordpress : false
2023/09/07 09:59:19 ERROR = Get "https://pascasarjana.feb.ub.ac.id/": tls: failed to verify certificate: x509: certificate is valid for accounting.feb.ub.ac.id, not pascasarjana.feb.ub.ac.id
2023/09/07 09:59:20 SUCCESS = URL : http://semnasaf.ub.ac.id; status code : 200; wordpress : false
2023/09/07 09:59:21 SUCCESS = URL : http://wayanfm.lecture.ub.ac.id; status code : 200; wordpress : true
2023/09/07 09:59:21 ERROR = Get "http://red-5.ub.ac.id": dial tcp: lookup red-5.ub.ac.id: no such host
2023/09/07 09:59:23 SUCCESS = URL : http://pjm.ub.ac.id; status code : 200; wordpress : true
2023/09/07 09:59:24 SUCCESS = URL : http://doktor.fpik.ub.ac.id; status code : 200; wordpress : true
2023/09/07 09:59:26 SUCCESS = URL : http://bp2m.fisip.ub.ac.id; status code : 200; wordpress : false
2023/09/07 09:59:29 ERROR = Get "http://cisco-capwap-controller.ub.ac.id": context deadline exceeded
2023/09/07 09:59:31 SUCCESS = URL : http://protan.studentjournal.ub.ac.id; status code : 200; wordpress : false
2023/09/07 09:59:31 SUCCESS = URL : http://hmjm.feb.ub.ac.id; status code : 404; wordpress : false
2023/09/07 09:59:32 SUCCESS = URL : http://sec.fia.ub.ac.id; status code : 200; wordpress : true
2023/09/07 09:59:32 SUCCESS = URL : http://afif.lecture.ub.ac.id; status code : 200; wordpress : true
2023/09/07 09:59:35 ERROR = Get "http://lab-bank.ub.ac.id": context deadline exceeded
2023/09/07 09:59:35 ERROR = Get "http://hvm29.ub.ac.id": dial tcp: lookup hvm29.ub.ac.id: no such host
2023/09/07 09:59:36 SUCCESS = URL : http://fi.ub.ac.id; status code : 200; wordpress : true
2023/09/07 09:59:38 SUCCESS = URL : http://dies-filkom.ub.ac.id; status code : 200; wordpress : false
2023/09/07 09:59:40 ERROR = Get "http://vm-siakad-db4.ub.ac.id": dial tcp 175.45.184.63:80: connectex: No connection could be made because the target machine actively refused it.
2023/09/07 09:59:40 SUCCESS = URL : http://api.ub.ac.id; status code : 404; wordpress : false
2023/09/07 09:59:40 SUCCESS = URL : http://lg.ub.ac.id; status code : 200; wordpress : false
2023/09/07 09:59:41 SUCCESS = URL : http://jrmsi.studentjournal.ub.ac.id; status code : 200; wordpress : false
2023/09/07 09:59:42 SUCCESS = URL : http://pemnas.ub.ac.id; status code : 200; wordpress : true
2023/09/07 09:59:46 SUCCESS = URL : http://sastrajepang.fib.ub.ac.id; status code : 200; wordpress : true
2023/09/07 09:59:47 SUCCESS = URL : http://physics.studentjournal.ub.ac.id; status code : 200; wordpress : false
2023/09/07 09:59:47 SUCCESS = URL : http://sco.ub.ac.id; status code : 200; wordpress : false
2023/09/07 09:59:49 SUCCESS = URL : http://himapsi.fisip.ub.ac.id; status code : 200; wordpress : true
2023/09/07 09:59:53 SUCCESS = URL : http://hosting.ub.ac.id; status code : 200; wordpress : true
2023/09/07 09:59:54 SUCCESS = URL : http://sikmakimia.ub.ac.id; status code : 200; wordpress : false
2023/09/07 09:59:57 ERROR = Get "http://dev-gitlab.ub.ac.id": context deadline exceeded
2023/09/07 09:59:58 SUCCESS = URL : http://instrumentasi.ub.ac.id; status code : 200; wordpress : true
2023/09/07 10:00:01 ERROR = Get "http://sibela.tp.ub.ac.id": context deadline exceeded
2023/09/07 10:00:01 SUCCESS = URL : http://simpel.ub.ac.id; status code : 200; wordpress : true
2023/09/07 10:00:03 SUCCESS = URL : http://mechta.ub.ac.id; status code : 200; wordpress : false
2023/09/07 10:00:04 SUCCESS = URL : http://jprodenta.ub.ac.id; status code : 200; wordpress : false
2023/09/07 10:00:05 SUCCESS = URL : http://www.dpm.ub.ac.id; status code : 200; wordpress : true
2023/09/07 10:00:08 ERROR = Get "http://c3560elektro.ub.ac.id": context deadline exceeded
2023/09/07 10:00:11 ERROR = Get "http://mailbrawijaya.ub.ac.id": context deadline exceeded
2023/09/07 10:00:12 SUCCESS = URL : http://www.thp.fpik.ub.ac.id; status code : 200; wordpress : true
2023/09/07 10:00:13 SUCCESS = URL : http://agroinotek.ub.ac.id; status code : 200; wordpress : false
2023/09/07 10:00:13 SUCCESS = URL : http://www.muhaiminrifai.lecture.ub.ac.id; status code : 410; wordpress : false
2023/09/07 10:00:16 ERROR = Get "http://c3560gbe.ub.ac.id": context deadline exceeded
2023/09/07 10:00:17 SUCCESS = URL : http://pd.fk.ub.ac.id; status code : 500; wordpress : false
2023/09/07 10:00:17 SUCCESS = URL : http://fisip.ub.ac.id; status code : 200; wordpress : false
2023/09/07 10:00:18 SUCCESS = URL : http://wawingsasongko.staff.ub.ac.id; status code : 200; wordpress : true
2023/09/07 10:00:19 SUCCESS = URL : http://www.bem.fkg.ub.ac.id; status code : 200; wordpress : true
2023/09/07 10:00:19 SUCCESS = URL : http://sentlab.ub.ac.id; status code : 200; wordpress : false
2023/09/07 10:00:19 SUCCESS = URL : http://arsip.ub.ac.id; status code : 200; wordpress : false
2023/09/07 10:00:22 ERROR = Get "http://fisipdb.ub.ac.id": dial tcp 175.45.184.151:80: i/o timeout
2023/09/07 10:00:23 SUCCESS = URL : http://pji.ub.ac.id; status code : 200; wordpress : false
2023/09/07 10:00:26 SUCCESS = URL : http://fkh.ub.ac.id; status code : 200; wordpress : true
2023/09/07 10:00:30 SUCCESS = URL : http://lakesma.fk.ub.ac.id; status code : 200; wordpress : true
2023/09/07 10:00:31 SUCCESS = URL : http://pkpt.ub.ac.id; status code : 200; wordpress : false
2023/09/07 10:00:31 SUCCESS = URL : http://www.chairululid.lecture.ub.ac.id; status code : 200; wordpress : true
2023/09/07 10:00:34 ERROR = Get "http://vlan-104-gw-internal.ub.ac.id": context deadline exceeded
2023/09/07 10:00:37 ERROR = Get "https://tep.ub.ac.id/": context deadline exceeded
2023/09/07 10:00:39 SUCCESS = URL : http://ftp-bni.ub.ac.id; status code : 200; wordpress : true
2023/09/07 10:00:40 SUCCESS = URL : http://display.ub.ac.id; status code : 200; wordpress : true
2023/09/07 10:00:43 ERROR = Get "http://ge-1-16-gw-external.ub.ac.id": context deadline exceeded
2023/09/07 10:00:43 SUCCESS = URL : http://si.filkom.ub.ac.id; status code : 200; wordpress : false
2023/09/07 10:00:46 ERROR = Get "http://imap.ub.ac.id": context deadline exceeded
2023/09/07 10:00:47 SUCCESS = URL : http://elearning.fia.ub.ac.id; status code : 200; wordpress : false
2023/09/07 10:00:48 SUCCESS = URL : http://elektro.studentjournal.ub.ac.id; status code : 200; wordpress : false
2023/09/07 10:00:48 ERROR = Get "http://abazh.ub.ac.id": dial tcp: lookup abazh.ub.ac.id: no such host
2023/09/07 10:00:48 SUCCESS = URL : http://perpajakan.studentjournal.ub.ac.id; status code : 200; wordpress : false
2023/09/07 10:00:48 SUCCESS = URL : http://ti.filkom.ub.ac.id; status code : 200; wordpress : false
2023/09/07 10:00:51 ERROR = Get "http://webmail.develku.ub.ac.id": context deadline exceeded
2023/09/07 10:00:51 SUCCESS = URL : http://pusatkajianlupus.fk.ub.ac.id; status code : 200; wordpress : false
2023/09/07 10:00:51 SUCCESS = URL : http://vm-db-siakad2.ub.ac.id; status code : 404; wordpress : false
2023/09/07 10:00:53 SUCCESS = URL : http://arsitektur.ub.ac.id; status code : 200; wordpress : true
2023/09/07 10:00:54 SUCCESS = URL : http://arenahukum.ub.ac.id; status code : 200; wordpress : false
2023/09/07 10:00:56 SUCCESS = URL : http://www.ajpi.fp.ub.ac.id; status code : 200; wordpress : false
2023/09/07 10:00:58 SUCCESS = URL : http://old-prasetya.ub.ac.id; status code : 200; wordpress : false
2023/09/07 10:01:00 SUCCESS = URL : http://sudemo.lecturer.ub.ac.id; status code : 200; wordpress : true
2023/09/07 10:01:00 SUCCESS = URL : http://www.data-ftp.ub.ac.id; status code : 200; wordpress : false
2023/09/07 10:01:01 SUCCESS = URL : http://www.mikroprosesor.lecture.ub.ac.id; status code : 410; wordpress : false
2023/09/07 10:01:04 ERROR = Get "http://labbiokimia.ub.ac.id": context deadline exceeded
2023/09/07 10:01:07 ERROR = Get "http://vlan-120-gw-dmz.ub.ac.id": dial tcp 175.45.189.153:80: connectex: No connection could be made because the target machine actively refused it.
2023/09/07 10:01:07 SUCCESS = URL : http://pdg.fk.ub.ac.id; status code : 500; wordpress : false
2023/09/07 10:01:07 ERROR = Get "http://www.task.bidan.fk.ub.ac.id": dial tcp: lookup www.task.bidan.fk.ub.ac.id: no such host
2023/09/07 10:01:09 ERROR = Get "http://10ge-2-0-0-gw-external.ub.ac.id": dial tcp 175.45.189.37:80: connectex: No connection could be made because the target machine actively refused it.
2023/09/07 10:01:12 ERROR = Get "http://formatif.fk.ub.ac.id": context deadline exceeded
2023/09/07 10:01:14 SUCCESS = URL : http://pkkmaba.feb.ub.ac.id; status code : 200; wordpress : true
2023/09/07 10:01:14 SUCCESS = URL : http://sulasmiyati.lecture.ub.ac.id; status code : 200; wordpress : true
2023/09/07 10:01:15 SUCCESS = URL : http://helpdesk-tik.ub.ac.id; status code : 200; wordpress : false
2023/09/07 10:01:16 SUCCESS = URL : http://e-skk.fkg.ub.ac.id; status code : 200; wordpress : false
2023/09/07 10:01:19 SUCCESS = URL : http://lpp.ub.ac.id; status code : 200; wordpress : true
2023/09/07 10:01:21 SUCCESS = URL : http://hmti.teknik.ub.ac.id; status code : 200; wordpress : true
2023/09/07 10:01:24 ERROR = Get "http://smtp.ub.ac.id": context deadline exceeded
2023/09/07 10:01:27 ERROR = Get "http://sipil.studentjournal.ub.ac.id/index.php/jmts": context deadline exceeded
2023/09/07 10:01:28 SUCCESS = URL : http://wiki.ub.ac.id; status code : 200; wordpress : false
2023/09/07 10:01:28 ERROR = Get "https://eface-filkom.ub.ac.id/": tls: failed to verify certificate: x509: certificate has expired or is not yet valid: 
2023/09/07 10:01:31 ERROR = Get "http://direktorilib.ub.ac.id": context deadline exceeded
2023/09/07 10:01:34 ERROR = Get "http://wsbank.ub.ac.id": context deadline exceeded
2023/09/07 10:01:35 SUCCESS = URL : http://www.indahyanti.lecture.ub.ac.id; status code : 200; wordpress : true
2023/09/07 10:01:38 SUCCESS = URL : http://fpik.ub.ac.id; status code : 200; wordpress : true
2023/09/07 10:01:41 ERROR = Get "http://mill.ub.ac.id": context deadline exceeded
2023/09/07 10:01:41 SUCCESS = URL : http://static.ub.ac.id; status code : 404; wordpress : false
2023/09/07 10:01:42 SUCCESS = URL : http://old-selma.ub.ac.id; status code : 200; wordpress : false
2023/09/07 10:01:43 SUCCESS = URL : http://jmrk.ub.ac.id; status code : 200; wordpress : false
2023/09/07 10:01:43 SUCCESS = URL : http://siamstatic.ub.ac.id; status code : 200; wordpress : false
2023/09/07 10:01:45 SUCCESS = URL : http://smonagenes.ub.ac.id; status code : 200; wordpress : true
2023/09/07 10:01:48 ERROR = Get "http://nas.ub.ac.id": context deadline exceeded
2023/09/07 10:01:48 SUCCESS = URL : http://auth-metadata.ub.ac.id; status code : 200; wordpress : false
2023/09/07 10:01:51 ERROR = Get "http://pphi.fisip.ub.ac.id": context deadline exceeded
2023/09/07 10:01:51 SUCCESS = URL : http://icbd.fkg.ub.ac.id; status code : 200; wordpress : true
2023/09/07 10:01:52 SUCCESS = URL : http://pascafisika.ub.ac.id; status code : 200; wordpress : true
2023/09/07 10:01:53 SUCCESS = URL : http://widya.lecture.ub.ac.id; status code : 200; wordpress : true
2023/09/07 10:01:54 SUCCESS = URL : http://ubmerch.ub.ac.id; status code : 200; wordpress : true
2023/09/07 10:01:56 SUCCESS = URL : http://herlindahpetir.lecture.ub.ac.id; status code : 200; wordpress : true
2023/09/07 10:01:57 SUCCESS = URL : http://siakad.ub.ac.id; status code : 200; wordpress : false
2023/09/07 10:02:00 ERROR = Get "http://develdb-vm1.ub.ac.id": context deadline exceeded
2023/09/07 10:02:00 SUCCESS = URL : http://pca.feb.ub.ac.id; status code : 200; wordpress : true
2023/09/07 10:02:03 ERROR = Get "http://ns4.ub.ac.id": context deadline exceeded
2023/09/07 10:02:03 ERROR = Get "http://adminkit.ub.ac.id": dial tcp: lookup adminkit.ub.ac.id: no such host
2023/09/07 10:02:06 ERROR = Get "http://voip-gw.ub.ac.id": context deadline exceeded
2023/09/07 10:02:07 SUCCESS = URL : http://fia.ub.ac.id; status code : 200; wordpress : true
2023/09/07 10:02:10 ERROR = Get "http://c3560kimia2.ub.ac.id": context deadline exceeded
2023/09/07 10:02:10 SUCCESS = URL : http://www.dev-gappenggine.ub.ac.id; status code : 404; wordpress : false
2023/09/07 10:02:13 ERROR = Get "http://develfia.ub.ac.id": context deadline exceeded
2023/09/07 10:02:13 SUCCESS = URL : http://fisiakad.ub.ac.id; status code : 200; wordpress : false
2023/09/07 10:02:14 SUCCESS = URL : http://cleostudies.lecture.ub.ac.id; status code : 200; wordpress : true
2023/09/07 10:02:17 ERROR = Get "http://dashboard.ub.ac.id": context deadline exceeded
2023/09/07 10:02:24 SUCCESS = URL : http://accounting.feb.ub.ac.id; status code : 200; wordpress : true
2023/09/07 10:02:24 SUCCESS = URL : http://lpm.fk.ub.ac.id; status code : 200; wordpress : true
2023/09/07 10:02:25 SUCCESS = URL : http://netmon.ub.ac.id; status code : 200; wordpress : true
2023/09/07 10:02:25 ERROR = Get "http://c3560mgw.ub.ac.id": dial tcp: lookup c3560mgw.ub.ac.id: no such host
2023/09/07 10:02:25 SUCCESS = URL : http://devel-filkom.ub.ac.id; status code : 502; wordpress : false
2023/09/07 10:02:25 ERROR = Get "https://gis.filkom.ub.ac.id/": tls: failed to verify certificate: x509: certificate has expired or is not yet valid: 
2023/09/07 10:02:25 ERROR = Get "https://siapdok.fk.ub.ac.id/": tls: failed to verify certificate: x509: certificate signed by unknown authority
2023/09/07 10:02:28 ERROR = Get "http://c3560mesin.ub.ac.id": context deadline exceeded
2023/09/07 10:02:30 SUCCESS = URL : http://ijds.ub.ac.id; status code : 200; wordpress : false
2023/09/07 10:02:30 SUCCESS = URL : http://www.afebi.feb.ub.ac.id; status code : 200; wordpress : true
2023/09/07 10:02:30 SUCCESS = URL : http://labnmt.fapet.ub.ac.id; status code : 200; wordpress : false
2023/09/07 10:02:31 SUCCESS = URL : http://competensea.ub.ac.id; status code : 200; wordpress : false
2023/09/07 10:02:31 SUCCESS = URL : http://cbt.fk.ub.ac.id; status code : 200; wordpress : false
2023/09/07 10:02:32 SUCCESS = URL : http://jmpsi.studentjournal.ub.ac.id; status code : 200; wordpress : false
2023/09/07 10:02:35 SUCCESS = URL : http://k2pu.ub.ac.id; status code : 200; wordpress : true
2023/09/07 10:02:36 SUCCESS = URL : http://www.fia.ub.ac.id; status code : 200; wordpress : true
2023/09/07 10:02:37 SUCCESS = URL : http://www.gatotciptadi.lecture.ub.ac.id; status code : 410; wordpress : false
2023/09/07 10:02:37 ERROR = Get "http://c3560fiadekanat.ub.ac.id": dial tcp: lookup c3560fiadekanat.ub.ac.id: no such host
2023/09/07 10:02:37 SUCCESS = URL : http://e-complaint.ub.ac.id; status code : 200; wordpress : false
2023/09/07 10:02:37 SUCCESS = URL : http://hms.ub.ac.id; status code : 200; wordpress : false
2023/09/07 10:02:38 SUCCESS = URL : http://jmik.studentjournal.ub.ac.id; status code : 500; wordpress : false
2023/09/07 10:02:38 SUCCESS = URL : http://ws.ub.ac.id; status code : 200; wordpress : false
2023/09/07 10:02:38 ERROR = Get "https://pdtt-dev.ub.ac.id/": tls: failed to verify certificate: x509: certificate has expired or is not yet valid: 
2023/09/07 10:02:40 SUCCESS = URL : http://jfls.ub.ac.id; status code : 200; wordpress : false
2023/09/07 10:02:42 ERROR = Get "http://vlan-121-gw-dmz.ub.ac.id": dial tcp 175.45.189.131:80: connectex: No connection could be made because the target machine actively refused it.
2023/09/07 10:02:42 SUCCESS = URL : http://npm.ub.ac.id; status code : 403; wordpress : false
2023/09/07 10:02:42 SUCCESS = URL : http://magisterstatistika.ub.ac.id; status code : 403; wordpress : false
2023/09/07 10:02:42 SUCCESS = URL : http://achmadwicaksono.lecture.ub.ac.id; status code : 410; wordpress : false
2023/09/07 10:02:45 ERROR = Get "http://sidara.tp.ub.ac.id": context deadline exceeded
2023/09/07 10:02:46 SUCCESS = URL : http://dpm.fk.ub.ac.id; status code : 200; wordpress : false
2023/09/07 10:02:47 SUCCESS = URL : http://www.pspk.fpik.ub.ac.id; status code : 200; wordpress : true
2023/09/07 10:02:48 SUCCESS = URL : http://biologi.studentjournal.ub.ac.id; status code : 200; wordpress : false
2023/09/07 10:02:48 SUCCESS = URL : http://www.prananto.lecture.ub.ac.id; status code : 410; wordpress : false
2023/09/07 10:02:49 SUCCESS = URL : http://analisfaal.staff.ub.ac.id; status code : 200; wordpress : true
2023/09/07 10:02:51 ERROR = Get "http://ge-1-26-gw-external.ub.ac.id": dial tcp 175.45.189.125:80: connectex: No connection could be made because the target machine actively refused it.
2023/09/07 10:02:51 ERROR = Get "https://pdtt.ub.ac.id/": tls: failed to verify certificate: x509: certificate has expired or is not yet valid: 
2023/09/07 10:02:54 ERROR = Get "http://k8s-mapper.ub.ac.id": context deadline exceeded
2023/09/07 10:02:57 SUCCESS = URL : http://upkk.ub.ac.id; status code : 200; wordpress : true
2023/09/07 10:02:58 SUCCESS = URL : http://mspi.studentjournal.ub.ac.id; status code : 200; wordpress : false
2023/09/07 10:02:59 SUCCESS = URL : http://jiip.ub.ac.id; status code : 200; wordpress : false
2023/09/07 10:02:59 ERROR = Get "http://mcu.ub.ac.id": dial tcp: lookup mcu.ub.ac.id: no such host
2023/09/07 10:02:59 SUCCESS = URL : http://fkub.fk.ub.ac.id; status code : 500; wordpress : false
2023/09/07 10:03:02 SUCCESS = URL : http://labotktk.teknik.ub.ac.id; status code : 200; wordpress : true
2023/09/07 10:03:02 SUCCESS = URL : http://dude.ub.ac.id; status code : 200; wordpress : false
2023/09/07 10:03:04 SUCCESS = URL : http://pengairan.studentjournal.ub.ac.id; status code : 200; wordpress : false
2023/09/07 10:03:05 SUCCESS = URL : http://jitek.ub.ac.id; status code : 200; wordpress : false
2023/09/07 10:03:08 SUCCESS = URL : http://thp.ub.ac.id; status code : 200; wordpress : true
2023/09/07 10:03:08 SUCCESS = URL : http://pwk.ub.ac.id; status code : 200; wordpress : true
2023/09/07 10:03:09 SUCCESS = URL : http://rajabrawijaya.ub.ac.id; status code : 200; wordpress : false
2023/09/07 10:03:09 SUCCESS = URL : http://catursaptaningwilujeng.lecture.ub.ac.id; status code : 410; wordpress : false
2023/09/07 10:03:09 SUCCESS = URL : http://radius-eduroam.ub.ac.id; status code : 403; wordpress : false
2023/09/07 10:03:10 SUCCESS = URL : http://administrasibisnis.studentjournal.ub.ac.id; status code : 200; wordpress : false
2023/09/07 10:03:11 SUCCESS = URL : http://laksono.lecture.ub.ac.id; status code : 410; wordpress : false
2023/09/07 10:03:12 SUCCESS = URL : http://pascafapet.ub.ac.id; status code : 200; wordpress : true
2023/09/07 10:03:14 SUCCESS = URL : http://j-ptiik.ub.ac.id; status code : 200; wordpress : false
2023/09/07 10:03:15 SUCCESS = URL : http://staff.ub.ac.id; status code : 200; wordpress : true
2023/09/07 10:03:16 SUCCESS = URL : http://teknikkimia.ub.ac.id; status code : 200; wordpress : true
2023/09/07 10:03:17 SUCCESS = URL : http://chemeng.studentjournal.ub.ac.id; status code : 200; wordpress : false
2023/09/07 10:03:18 SUCCESS = URL : http://jurnalpengairan.ub.ac.id; status code : 200; wordpress : false
2023/09/07 10:03:19 SUCCESS = URL : http://www.numeric.lecture.ub.ac.id; status code : 200; wordpress : true
2023/09/07 10:03:19 SUCCESS = URL : http://pemerintahan.ub.ac.id; status code : 200; wordpress : false
2023/09/07 10:03:22 ERROR = Get "http://gitlab-tik.ub.ac.id": context deadline exceeded
2023/09/07 10:03:22 SUCCESS = URL : http://apps-fapet.ub.ac.id; status code : 200; wordpress : false
2023/09/07 10:03:23 SUCCESS = URL : http://himateta.ub.ac.id; status code : 200; wordpress : false
2023/09/07 10:03:23 SUCCESS = URL : http://www.denanggawp.lecture.ub.ac.id; status code : 200; wordpress : true
2023/09/07 10:03:23 SUCCESS = URL : http://s2kebidanan.fk.ub.ac.id; status code : 500; wordpress : false
2023/09/07 10:03:23 SUCCESS = URL : http://mmrs.fk.ub.ac.id; status code : 500; wordpress : false
2023/09/07 10:03:24 SUCCESS = URL : http://ppds.fk.ub.ac.id; status code : 200; wordpress : true
2023/09/07 10:03:28 SUCCESS = URL : http://psld.ub.ac.id; status code : 200; wordpress : true
2023/09/07 10:03:29 SUCCESS = URL : http://jpas.ub.ac.id; status code : 200; wordpress : false
2023/09/07 10:03:30 SUCCESS = URL : http://my-labftp.ub.ac.id; status code : 200; wordpress : true
2023/09/07 10:03:31 SUCCESS = URL : http://ijleg.ub.ac.id; status code : 200; wordpress : false
2023/09/07 10:03:32 SUCCESS = URL : http://jpt.ub.ac.id; status code : 200; wordpress : false
2023/09/07 10:03:32 ERROR = Get "http://devel-gw.ub.ac.id": dial tcp: lookup devel-gw.ub.ac.id: no such host
2023/09/07 10:03:33 SUCCESS = URL : http://filkom.ub.ac.id; status code : 200; wordpress : true
2023/09/07 10:03:36 SUCCESS = URL : http://psik.feb.ub.ac.id; status code : 200; wordpress : true
2023/09/07 10:03:38 SUCCESS = URL : http://majalahfk.ub.ac.id; status code : 200; wordpress : false
2023/09/07 10:03:39 SUCCESS = URL : http://jiscos.ub.ac.id; status code : 200; wordpress : false
2023/09/07 10:03:41 SUCCESS = URL : http://bukes.ub.ac.id; status code : 200; wordpress : true
2023/09/07 10:03:42 SUCCESS = URL : http://evisuwarni.staff.ub.ac.id; status code : 200; wordpress : true
2023/09/07 10:03:43 SUCCESS = URL : http://statistik.studentjournal.ub.ac.id; status code : 200; wordpress : false
2023/09/07 10:03:43 SUCCESS = URL : http://fatchiyah.lecture.ub.ac.id; status code : 200; wordpress : true
2023/09/07 10:03:44 SUCCESS = URL : http://silab.ub.ac.id; status code : 200; wordpress : false
2023/09/07 10:03:44 SUCCESS = URL : http://www.ftp-e-library.ub.ac.id; status code : 200; wordpress : false
2023/09/07 10:03:46 SUCCESS = URL : http://heartscience.ub.ac.id; status code : 200; wordpress : false
2023/09/07 10:03:46 SUCCESS = URL : http://maulfisr.lecture.ub.ac.id; status code : 200; wordpress : true
2023/09/07 10:03:49 ERROR = Get "http://ptiik-db.ub.ac.id": context deadline exceeded
2023/09/07 10:03:50 SUCCESS = URL : http://sii.bua.ub.ac.id; status code : 200; wordpress : true
2023/09/07 10:03:50 ERROR = Get "http://pps_fpt.ub.ac.id": dial tcp: lookup pps_fpt.ub.ac.id: no such host
2023/09/07 10:03:50 SUCCESS = URL : http://loki.ub.ac.id; status code : 200; wordpress : false
2023/09/07 10:03:52 SUCCESS = URL : http://jdess.ub.ac.id; status code : 200; wordpress : false
2023/09/07 10:03:53 SUCCESS = URL : http://saparilaworokinasih.lecture.ub.ac.id; status code : 200; wordpress : true
2023/09/07 10:05:23 ERROR = Get "http://jimbastrafib.studentjournal.ub.ac.id/index.php/jimbastrafib": context deadline exceeded
2023/09/07 10:05:27 SUCCESS = URL : http://kimia.studentjournal.ub.ac.id; status code : 200; wordpress : false
2023/09/07 10:05:27 SUCCESS = URL : http://kelautan.fpik.ub.ac.id; status code : 200; wordpress : true
2023/09/07 10:05:27 SUCCESS = URL : http://hosting2.ub.ac.id; status code : 200; wordpress : false
2023/09/07 10:05:30 ERROR = Get "http://eno4-gw-nat3.ub.ac.id": context deadline exceeded
2023/09/07 10:05:30 SUCCESS = URL : http://iam.ub.ac.id; status code : 200; wordpress : false
2023/09/07 10:05:32 SUCCESS = URL : http://gjm.feb.ub.ac.id; status code : 200; wordpress : true
2023/09/07 10:05:33 SUCCESS = URL : http://www.kelautan.fpik.ub.ac.id; status code : 200; wordpress : true
2023/09/07 10:05:33 ERROR = Get "http://vlan-140-gw-internal.ub.ac.id.ub.ac.id": dial tcp: lookup vlan-140-gw-internal.ub.ac.id.ub.ac.id: no such host
2023/09/07 10:05:34 SUCCESS = URL : http://ppa.ub.ac.id; status code : 200; wordpress : true
2023/09/07 10:05:35 SUCCESS = URL : http://dev-gappenggine.ub.ac.id; status code : 404; wordpress : false
2023/09/07 10:05:38 ERROR = Get "http://bemfp.ub.ac.id": context deadline exceeded
2023/09/07 10:05:38 ERROR = Get "http://vm-logmail.ub.ac.id": dial tcp: lookup vm-logmail.ub.ac.id: no such host
2023/09/07 10:05:38 SUCCESS = URL : http://daring.feb.ub.ac.id; status code : 200; wordpress : false
2023/09/07 10:05:38 ERROR = Get "https://isrg.filkom.ub.ac.id/": tls: failed to verify certificate: x509: certificate has expired or is not yet valid: 
2023/09/07 10:05:39 SUCCESS = URL : http://agrise.ub.ac.id; status code : 200; wordpress : false
2023/09/07 10:05:39 SUCCESS = URL : http://bem-ftp.ub.ac.id; status code : 200; wordpress : false
2023/09/07 10:05:42 ERROR = Get "http://mktrektorat8.ub.ac.id": context deadline exceeded
2023/09/07 10:05:43 SUCCESS = URL : http://www.msp.fpik.ub.ac.id; status code : 200; wordpress : true
2023/09/07 10:05:44 SUCCESS = URL : http://lpke.ub.ac.id; status code : 200; wordpress : true
2023/09/07 10:05:46 SUCCESS = URL : http://ijabs.ub.ac.id; status code : 200; wordpress : false
2023/09/07 10:05:47 SUCCESS = URL : http://kampungtangguh.ub.ac.id; status code : 200; wordpress : false
2023/09/07 10:05:50 SUCCESS = URL : http://senirupa.fib.ub.ac.id; status code : 200; wordpress : true
2023/09/07 10:05:50 SUCCESS = URL : http://tracer.ub.ac.id; status code : 200; wordpress : true
2023/09/07 10:05:50 SUCCESS = URL : http://apigapura.ub.ac.id; status code : 200; wordpress : false
2023/09/07 10:05:52 SUCCESS = URL : http://prancis.fib.ub.ac.id; status code : 200; wordpress : true
2023/09/07 10:05:52 SUCCESS = URL : http://apps.sipil.ub.ac.id; status code : 200; wordpress : false
2023/09/07 10:05:52 SUCCESS = URL : http://devel0-filkom.ub.ac.id; status code : 404; wordpress : false
2023/09/07 10:05:53 SUCCESS = URL : http://www.ikuswahyono.lecture.ub.ac.id; status code : 200; wordpress : true
2023/09/07 10:05:55 ERROR = Get "http://mipacenter.ub.ac.id": dial tcp 175.45.187.37:80: connectex: No connection could be made because the target machine actively refused it.
2023/09/07 10:05:58 ERROR = Get "http://file-pdtt.ub.ac.id": context deadline exceeded
2023/09/07 10:06:01 ERROR = Get "http://vpn.ub.ac.id": context deadline exceeded
2023/09/07 10:06:02 SUCCESS = URL : http://jphv.ub.ac.id; status code : 200; wordpress : false
2023/09/07 10:06:02 ERROR = Get "http://router-voip.ub.ac.id": dial tcp: lookup router-voip.ub.ac.id: no such host
2023/09/07 10:06:02 SUCCESS = URL : http://hrd.ub.ac.id; status code : 200; wordpress : false
2023/09/07 10:06:03 SUCCESS = URL : http://jpa.ub.ac.id; status code : 200; wordpress : false
2023/09/07 10:06:03 SUCCESS = URL : http://telkom.elektro.ub.ac.id; status code : 200; wordpress : true
2023/09/07 10:06:06 ERROR = Get "http://imap.develku.ub.ac.id": context deadline exceeded
2023/09/07 10:06:07 SUCCESS = URL : http://oktavianrama.lecture.ub.ac.id; status code : 200; wordpress : true
2023/09/07 10:06:08 SUCCESS = URL : http://ruangbacafmipa.staff.ub.ac.id; status code : 410; wordpress : false
2023/09/07 10:06:08 SUCCESS = URL : http://fk.ub.ac.id; status code : 500; wordpress : false
2023/09/07 10:06:08 SUCCESS = URL : http://hanie.lecture.ub.ac.id; status code : 200; wordpress : true
2023/09/07 10:06:09 SUCCESS = URL : http://monic2.ub.ac.id; status code : 200; wordpress : false
2023/09/07 10:06:11 SUCCESS = URL : http://lsih.ub.ac.id; status code : 200; wordpress : true
2023/09/07 10:06:14 ERROR = Get "http://internal-sw.ub.ac.id": context deadline exceeded
2023/09/07 10:06:15 SUCCESS = URL : http://tiara.ub.ac.id; status code : 200; wordpress : false
2023/09/07 10:06:16 SUCCESS = URL : http://www.icbd.fkg.ub.ac.id; status code : 200; wordpress : true
2023/09/07 10:06:19 ERROR = Get "http://oa.ub.ac.id": context deadline exceeded
2023/09/07 10:06:20 SUCCESS = URL : http://transformasiglobal.ub.ac.id; status code : 200; wordpress : false
2023/09/07 10:06:21 SUCCESS = URL : http://jppbr.ub.ac.id; status code : 200; wordpress : false
2023/09/07 10:06:23 SUCCESS = URL : http://akademik.ub.ac.id; status code : 200; wordpress : true
2023/09/07 10:06:24 SUCCESS = URL : http://bss.ub.ac.id; status code : 200; wordpress : true
2023/09/07 10:06:24 ERROR = Get "https://selma.static.ub.ac.id/": tls: failed to verify certificate: x509: certificate is valid for *.ub.ac.id, ub.ac.id, not selma.static.ub.ac.id
2023/09/07 10:06:25 SUCCESS = URL : http://www.hmtk.teknik.ub.ac.id; status code : 200; wordpress : true
2023/09/07 10:06:28 SUCCESS = URL : http://antropologi.fib.ub.ac.id; status code : 200; wordpress : true
2023/09/07 10:06:29 SUCCESS = URL : http://jels.ub.ac.id; status code : 200; wordpress : false
2023/09/07 10:06:31 SUCCESS = URL : http://elektro.ub.ac.id; status code : 200; wordpress : true
2023/09/07 10:06:31 SUCCESS = URL : http://s.ub.ac.id; status code : 200; wordpress : true
2023/09/07 10:06:34 ERROR = Get "http://seleksi.biologi.ub.ac.id": context deadline exceeded
2023/09/07 10:06:34 SUCCESS = URL : http://reporiset.ub.ac.id; status code : 401; wordpress : false
2023/09/07 10:06:34 SUCCESS = URL : http://sipp.ub.ac.id; status code : 200; wordpress : false
2023/09/07 10:06:35 SUCCESS = URL : http://ariefdarma01.lecture.ub.ac.id; status code : 200; wordpress : true
2023/09/07 10:06:38 ERROR = Get "http://develweb.ub.ac.id": context deadline exceeded
2023/09/07 10:06:41 ERROR = Get "http://vm-imap01.ub.ac.id": context deadline exceeded
2023/09/07 10:06:42 SUCCESS = URL : http://jki.ub.ac.id; status code : 200; wordpress : false
2023/09/07 10:06:45 SUCCESS = URL : http://himap.fisip.ub.ac.id; status code : 200; wordpress : true
2023/09/07 10:06:45 SUCCESS = URL : http://selma.ub.ac.id; status code : 200; wordpress : false
2023/09/07 10:06:48 ERROR = Get "http://vlan-204-bb-ftp.ub.ac.id": context deadline exceeded
2023/09/07 10:06:51 ERROR = Get "http://ovirt.ub.ac.id": context deadline exceeded
2023/09/07 10:06:51 SUCCESS = URL : http://sertifikasi.ub.ac.id; status code : 200; wordpress : true
2023/09/07 10:06:52 SUCCESS = URL : http://infokom.elektro.ub.ac.id; status code : 200; wordpress : true
2023/09/07 10:06:53 SUCCESS = URL : http://kongres2015.ub.ac.id; status code : 200; wordpress : false
2023/09/07 10:06:53 SUCCESS = URL : http://keren.ub.ac.id; status code : 200; wordpress : true
2023/09/07 10:06:53 ERROR = Get "http://pdim.feb.ub.ac.id": dial tcp: lookup pdim.feb.ub.ac.id: no such host
2023/09/07 10:06:55 SUCCESS = URL : http://rekayasamesin.ub.ac.id; status code : 200; wordpress : false
2023/09/07 10:06:56 SUCCESS = URL : http://ulmpk.fpik.ub.ac.id; status code : 200; wordpress : true
2023/09/07 10:06:57 SUCCESS = URL : http://ajpi.fp.ub.ac.id; status code : 200; wordpress : false
2023/09/07 10:06:59 SUCCESS = URL : http://www.doktor.fpik.ub.ac.id; status code : 200; wordpress : true
2023/09/07 10:06:59 SUCCESS = URL : http://gapura.ub.ac.id; status code : 200; wordpress : true
2023/09/07 10:06:59 SUCCESS = URL : http://tif.filkom.ub.ac.id; status code : 200; wordpress : false
2023/09/07 10:07:00 SUCCESS = URL : http://jppol.ub.ac.id; status code : 200; wordpress : false
2023/09/07 10:07:00 SUCCESS = URL : http://www.bp2m.fisip.ub.ac.id; status code : 200; wordpress : false
2023/09/07 10:07:00 SUCCESS = URL : http://intsemfkh.ub.ac.id; status code : 200; wordpress : false
2023/09/07 10:07:03 ERROR = Get "http://sikeu.ub.ac.id": context deadline exceeded
2023/09/07 10:07:03 ERROR = Get "http://elektro-gw.ub.ac.id": dial tcp: lookup elektro-gw.ub.ac.id: no such host
2023/09/07 10:07:04 SUCCESS = URL : http://rbaet.ub.ac.id; status code : 200; wordpress : false
2023/09/07 10:07:04 SUCCESS = URL : http://www.dpm.fk.ub.ac.id; status code : 200; wordpress : false
2023/09/07 10:07:06 SUCCESS = URL : http://blc.ub.ac.id; status code : 200; wordpress : true
2023/09/07 10:07:08 SUCCESS = URL : http://pkm.ub.ac.id; status code : 200; wordpress : true
2023/09/07 10:07:08 SUCCESS = URL : http://sibaku.ub.ac.id; status code : 200; wordpress : false
2023/09/07 10:07:08 ERROR = Get "https://c3560kimia.ub.ac.id/": tls: failed to verify certificate: x509: certificate signed by unknown authority
2023/09/07 10:07:09 SUCCESS = URL : http://clfest.hukum.ub.ac.id; status code : 200; wordpress : true
2023/09/07 10:07:12 SUCCESS = URL : http://www.fpik.ub.ac.id; status code : 200; wordpress : true
2023/09/07 10:07:12 ERROR = Get "http://selmadb.ub.ac.id": dial tcp: lookup selmadb.ub.ac.id: no such host
2023/09/07 10:07:15 ERROR = Get "http://storage.ub.ac.id": context deadline exceeded
2023/09/07 10:07:15 SUCCESS = URL : http://devel.elektro.ub.ac.id; status code : 200; wordpress : false
2023/09/07 10:07:16 SUCCESS = URL : http://pspk.fpik.ub.ac.id; status code : 200; wordpress : true
2023/09/07 10:07:19 ERROR = Get "http://simak-db.ub.ac.id": context deadline exceeded
2023/09/07 10:07:22 ERROR = Get "http://mta1.cloud.ub.ac.id": context deadline exceeded
2023/09/07 10:07:25 ERROR = Get "http://pengadaan.ub.ac.id": context deadline exceeded
2023/09/07 10:07:25 SUCCESS = URL : http://ub-care.ub.ac.id; status code : 200; wordpress : false
2023/09/07 10:07:28 SUCCESS = URL : http://simpeg.ub.ac.id; status code : 200; wordpress : false
2023/09/07 10:07:28 SUCCESS = URL : http://physalisherbs.fk.ub.ac.id; status code : 500; wordpress : false
2023/09/07 10:07:28 SUCCESS = URL : http://fh.ub.ac.id; status code : 200; wordpress : false
2023/09/07 10:07:28 SUCCESS = URL : http://lilyasusanti.lecture.ub.ac.id; status code : 200; wordpress : true
2023/09/07 10:07:31 ERROR = Get "http://feb.ub.ac.id": context deadline exceeded
2023/09/07 10:07:32 SUCCESS = URL : http://konseling.ub.ac.id; status code : 200; wordpress : true
2023/09/07 10:07:32 ERROR = Get "https://c3560mipa.ub.ac.id/": tls: failed to verify certificate: x509: certificate signed by unknown authority
2023/09/07 10:07:32 SUCCESS = URL : http://siam.ub.ac.id; status code : 200; wordpress : false
2023/09/07 10:07:35 ERROR = Get "http://av.develku.ub.ac.id": context deadline exceeded
2023/09/07 10:07:38 ERROR = Get "https://ppid.ub.ac.id/": context deadline exceeded
2023/09/07 10:07:38 SUCCESS = URL : http://sysmon.ub.ac.id; status code : 403; wordpress : false
2023/09/07 10:07:38 SUCCESS = URL : http://komunikasi.ub.ac.id; status code : 503; wordpress : false
2023/09/07 10:07:39 SUCCESS = URL : http://www.metsyn.fikes.ub.ac.id; status code : 200; wordpress : true
2023/09/07 10:07:39 SUCCESS = URL : http://dss.ub.ac.id; status code : 200; wordpress : false
2023/09/07 10:07:39 ERROR = Get "https://studiopdtt-dev.ub.ac.id/": tls: failed to verify certificate: x509: certificate has expired or is not yet valid: 
2023/09/07 10:07:42 ERROR = Get "http://ie.feb.ub.ac.id": context deadline exceeded
2023/09/07 10:07:45 ERROR = Get "https://manajemen.feb.ub.ac.id/": context deadline exceeded
2023/09/07 10:07:46 SUCCESS = URL : http://avina.lecture.ub.ac.id; status code : 200; wordpress : true
2023/09/07 10:07:46 ERROR = Get "http://gizi.fk.ub.ac.id": dial tcp: lookup gizi.fk.ub.ac.id: no such host
2023/09/07 10:07:48 SUCCESS = URL : http://ieff.ub.ac.id; status code : 200; wordpress : false
2023/09/07 10:07:48 ERROR = Get "https://dev-esign.ub.ac.id/": tls: failed to verify certificate: x509: certificate has expired or is not yet valid: 
2023/09/07 10:07:48 SUCCESS = URL : http://drive.ub.ac.id; status code : 200; wordpress : false
2023/09/07 10:07:51 ERROR = Get "http://vlan-105-gw-internal.ub.ac.id": context deadline exceeded
2023/09/07 10:07:52 SUCCESS = URL : http://siet.ub.ac.id; status code : 200; wordpress : true
2023/09/07 10:07:53 SUCCESS = URL : http://armabi.fk.ub.ac.id; status code : 200; wordpress : true
2023/09/07 10:07:55 SUCCESS = URL : http://www.klinik.ub.ac.id; status code : 200; wordpress : true
2023/09/07 10:07:58 ERROR = Get "http://c3560fisip.ub.ac.id": context deadline exceeded
2023/09/07 10:08:01 ERROR = Get "http://ippabx.ub.ac.id": context deadline exceeded
2023/09/07 10:08:04 ERROR = Get "http://mktrektorat3.ub.ac.id": context deadline exceeded
2023/09/07 10:08:06 SUCCESS = URL : http://em.ub.ac.id; status code : 200; wordpress : true
2023/09/07 10:08:08 SUCCESS = URL : http://mnj.ub.ac.id; status code : 200; wordpress : false
2023/09/07 10:08:09 SUCCESS = URL : http://www.riniftpub.lecture.ub.ac.id; status code : 200; wordpress : true
2023/09/07 10:08:09 SUCCESS = URL : http://literasi.lib.ub.ac.id; status code : 200; wordpress : false
2023/09/07 10:08:10 SUCCESS = URL : http://sc19.ub.ac.id; status code : 200; wordpress : false
2023/09/07 10:08:11 SUCCESS = URL : http://merdeka-filkom.ub.ac.id; status code : 200; wordpress : true
2023/09/07 10:08:11 SUCCESS = URL : http://thp.fpik.ub.ac.id; status code : 200; wordpress : true
2023/09/07 10:08:12 SUCCESS = URL : http://www.abdulrachmadbudiono.lecture.ub.ac.id; status code : 200; wordpress : true
2023/09/07 10:08:13 SUCCESS = URL : http://widhadyah.lecture.ub.ac.id; status code : 410; wordpress : false
2023/09/07 10:08:13 SUCCESS = URL : http://ppti.ub.ac.id; status code : 200; wordpress : false
2023/09/07 10:08:13 SUCCESS = URL : http://pmib.fk.ub.ac.id; status code : 500; wordpress : false
2023/09/07 10:08:13 SUCCESS = URL : http://app-sakip.ub.ac.id; status code : 200; wordpress : true
2023/09/07 10:08:14 SUCCESS = URL : http://bwtest.ub.ac.id; status code : 200; wordpress : false
2023/09/07 10:08:15 SUCCESS = URL : http://www.rianasusmayanti.lecture.ub.ac.id; status code : 200; wordpress : true
2023/09/07 10:08:15 ERROR = Get "http://mail.devel2.ub.ac.id": dial tcp: lookup mail.devel2.ub.ac.id: no such host
2023/09/07 10:08:15 SUCCESS = URL : http://vpn1.ub.ac.id; status code : 200; wordpress : false
2023/09/07 10:08:16 SUCCESS = URL : http://siwi.lecture.ub.ac.id; status code : 200; wordpress : true
2023/09/07 10:08:19 ERROR = Get "https://jtpp.ub.ac.id/index.php/jtpp": context deadline exceeded
2023/09/07 10:08:21 SUCCESS = URL : http://bjss.ub.ac.id; status code : 200; wordpress : false
2023/09/07 10:08:21 SUCCESS = URL : http://lsai.ub.ac.id; status code : 403; wordpress : false
2023/09/07 10:08:22 SUCCESS = URL : http://simkeu-bp.ub.ac.id; status code : 200; wordpress : true
2023/09/07 10:08:23 SUCCESS = URL : http://ubkampus3.ub.ac.id; status code : 200; wordpress : true
2023/09/07 10:08:23 SUCCESS = URL : http://fachrizal.lecture.ub.ac.id; status code : 200; wordpress : true
2023/09/07 10:08:23 SUCCESS = URL : http://apps.ub.ac.id; status code : 200; wordpress : false
2023/09/07 10:08:24 SUCCESS = URL : http://mfakhri.lecture.ub.ac.id; status code : 200; wordpress : true
2023/09/07 10:08:26 SUCCESS = URL : http://ormagika.fk.ub.ac.id; status code : 200; wordpress : true
2023/09/07 10:08:27 SUCCESS = URL : http://lppm.ub.ac.id; status code : 200; wordpress : true
2023/09/07 10:08:27 ERROR = Get "http://vm-splunk.ub.ac.id": dial tcp: lookup vm-splunk.ub.ac.id: no such host
2023/09/07 10:08:27 ERROR = Get "https://c3560peternakan.ub.ac.id/": tls: failed to verify certificate: x509: certificate signed by unknown authority
2023/09/07 10:08:27 SUCCESS = URL : http://cpanel-mipa.ub.ac.id; status code : 200; wordpress : false
2023/09/07 10:08:28 SUCCESS = URL : http://tuturlogi.ub.ac.id; status code : 200; wordpress : false
2023/09/07 10:08:28 SUCCESS = URL : http://games.ub.ac.id; status code : 200; wordpress : false
2023/09/07 10:08:29 SUCCESS = URL : http://www.devi76.lecture.ub.ac.id; status code : 200; wordpress : true
2023/09/07 10:08:32 ERROR = Get "http://vimaman.ub.ac.id": context deadline exceeded
2023/09/07 10:08:35 ERROR = Get "http://devjsi-apps.ub.ac.id": context deadline exceeded
2023/09/07 10:08:37 ERROR = Get "http://radius.ub.ac.id": dial tcp 175.45.184.166:80: connectex: No connection could be made because the target machine actively refused it.
2023/09/07 10:08:39 SUCCESS = URL : http://www.psp.fpik.ub.ac.id; status code : 200; wordpress : true
2023/09/07 10:08:40 SUCCESS = URL : http://www.byebf.feb.ub.ac.id; status code : 200; wordpress : true
2023/09/07 10:08:43 ERROR = Get "http://ns1.ub.ac.id": context deadline exceeded
2023/09/07 10:08:43 SUCCESS = URL : http://smtp-gw.ub.ac.id; status code : 200; wordpress : false
2023/09/07 10:08:43 SUCCESS = URL : http://ujian.fk.ub.ac.id; status code : 200; wordpress : false
2023/09/07 10:08:43 SUCCESS = URL : http://pemira.ub.ac.id; status code : 200; wordpress : false
2023/09/07 10:08:45 SUCCESS = URL : http://senibudaya.fib.ub.ac.id; status code : 200; wordpress : true
2023/09/07 10:08:48 SUCCESS = URL : http://sep.fpik.ub.ac.id; status code : 200; wordpress : true
2023/09/07 10:08:50 SUCCESS = URL : http://hosting3.ub.ac.id; status code : 200; wordpress : false
2023/09/07 10:08:52 ERROR = Get "http://hvm7.ub.ac.id": dial tcp 10.45.184.27:80: connectex: No connection could be made because the target machine actively refused it.
2023/09/07 10:08:53 SUCCESS = URL : http://ptiik.ub.ac.id; status code : 200; wordpress : true
2023/09/07 10:08:59 SUCCESS = URL : http://tp.ub.ac.id; status code : 200; wordpress : true
2023/09/07 10:08:59 SUCCESS = URL : http://pti.filkom.ub.ac.id; status code : 200; wordpress : false
2023/09/07 10:08:59 ERROR = Get "http://www.bet.ub.ac.id": dial tcp: lookup www.bet.ub.ac.id: no such host
2023/09/07 10:08:59 SUCCESS = URL : http://auth.ub.ac.id; status code : 200; wordpress : false
2023/09/07 10:09:01 SUCCESS = URL : http://mail.ub.ac.id; status code : 200; wordpress : true
2023/09/07 10:09:02 SUCCESS = URL : http://www.multiparadigma.lecture.ub.ac.id; status code : 410; wordpress : false
2023/09/07 10:09:03 SUCCESS = URL : http://palupimanajemen.lecture.ub.ac.id; status code : 410; wordpress : false
2023/09/07 10:09:05 ERROR = Get "http://eno2-gw-nat3.ub.ac.id": dial tcp 175.45.189.45:80: connectex: No connection could be made because the target machine actively refused it.
2023/09/07 10:09:05 SUCCESS = URL : http://icoemis.ub.ac.id; status code : 200; wordpress : false
2023/09/07 10:09:07 SUCCESS = URL : http://halqid.ub.ac.id; status code : 200; wordpress : true
2023/09/07 10:09:08 SUCCESS = URL : http://widiapermana.staff.ub.ac.id; status code : 200; wordpress : true
2023/09/07 10:09:09 SUCCESS = URL : http://www.andhykamuttaqin.lecture.ub.ac.id; status code : 410; wordpress : false
2023/09/07 10:09:11 SUCCESS = URL : http://hmit.fp.ub.ac.id; status code : 200; wordpress : true
2023/09/07 10:09:14 ERROR = Get "https://pilrek.ub.ac.id/": context deadline exceeded
2023/09/07 10:09:15 SUCCESS = URL : http://www.gjm.feb.ub.ac.id; status code : 200; wordpress : true
2023/09/07 10:09:15 SUCCESS = URL : http://www.my-labftp.ub.ac.id; status code : 200; wordpress : true
2023/09/07 10:09:15 ERROR = Get "http://radio-sw.ub.ac.id": dial tcp: lookup radio-sw.ub.ac.id: no such host
2023/09/07 10:09:15 SUCCESS = URL : http://siskafeb.ub.ac.id; status code : 200; wordpress : false
2023/09/07 10:09:15 SUCCESS = URL : http://devmail1.ub.ac.id; status code : 403; wordpress : false
2023/09/07 10:09:18 ERROR = Get "https://biologi.ub.ac.id/": context deadline exceeded
